Intervalo 0
('#br', '#br', '#br') 0.0784519585837
('#br', 'x', '#ned') 0.00213597856781
('vam', 'la', 'brasil') 0.00139381652306
('vam', 'la', '#br') 0.0013395119832
('assist', 'jog', '#br') 0.0012128013902
('brasil', 'sil', 'sil') 0.00112229382376
('http', 'bit', 'ly') 0.0010679892839
('#br', 'go', '#br') 0.000995583230758
('comec', 'jog', '#br') 0.000995583230758
('entr', 'camp', 'junt') 0.000977481717472
('#br', 'vs', '#ned') 0.000959380204185
('#torcidaivet', 'comec', 'jog') 0.000959380204185
('camp', 'junt', 'selec') 0.000959380204185
('comec', 'jog', 'torc') 0.000959380204185
('junt', 'selec', 'junt') 0.000959380204185
('selec', 'junt', 'so') 0.000959380204185
('ver', 'jog', '#br') 0.000959380204185
('#br', 'entr', 'camp') 0.000941278690899
('brasil', '#br', '#br') 0.000941278690899
('brasil', 'jog', 'azul') 0.000941278690899
('jog', 'torc', 'pe') 0.000941278690899
('torc', 'pe', 'quent') 0.000941278690899
('pe', 'quent', '#br') 0.000923177177612
('quent', '#br', 'entr') 0.000923177177612
('@ivetesangalo', '#torcidaivet', 'comec') 0.000905075664326
('ta', 'torc', 'pra') 0.000905075664326
('go', '#br', 'go') 0.000760263558033
('vam', 'brasil', '#br') 0.000742162044747
('vou', 'ver', 'jog') 0.000742162044747
('#br', '#br', '#hexacampea') 0.000687857504887
('#br', '#hexacampea', '#hexacampea') 0.000687857504887
('#br', 'sol', 'faltan') 0.000687857504887
('#hex', '#br', '#br') 0.000687857504887
('buen', 'dia', 'twitter') 0.000687857504887
('cuant', 'part', 'el') 0.000687857504887
('el', '#hex', '#br') 0.000687857504887
('faltan', 'uno', 'cuant') 0.000687857504887
('part', 'el', '#hex') 0.000687857504887
('sol', 'faltan', 'uno') 0.000687857504887
('uno', 'cuant', 'part') 0.000687857504887
('vam', '#br', 'sol') 0.000687857504887
('dia', 'twitter', 'vam') 0.000669755991601
('twitter', 'vam', '#br') 0.000669755991601
('@jaimecamil', 'buen', 'dia') 0.000651654478314
('holand', 'sao', 'bequ') 0.000651654478314
('#br', 'vai', '#br') 0.000633552965028
('fort', 'holand', 'sao') 0.000633552965028
('jog', '#br', 'x') 0.000633552965028
('nao', 'sao', 'jog') 0.000633552965028
('pont', 'fort', 'holand') 0.000633552965028

Intervalo 1
('#br', '#br', '#br') 0.045934216034
('http', 'bit', 'ly') 0.00145403273777
('#br', 'x', '#ned') 0.00140997113965
('vam', 'brasil', '#br') 0.00116763235003
('vam', 'la', '#br') 0.00112357075191
('vam', 'la', 'brasil') 0.00105747835474
('brasil', 'sil', 'sil') 0.00101341675663
('rab', 'bande', '#br') 0.000881231962283
('tom', 'rab', 'bande') 0.000881231962283
('vai', 'tom', 'rab') 0.000881231962283
('@vidadegayroto', 'vai', 'tom') 0.000859201163226
('assist', 'jog', '#br') 0.000727016368884
('#br', 'brasil', 'sil') 0.00068295477077
('ta', 'torc', 'pra') 0.00068295477077
('@kenia_araujo', 'w', 'ww') 0.000660923971712
('brasil', 'conf', 'sig') 0.000660923971712
('conf', 'sig', '@kenia_araujo') 0.000660923971712
('cruz', 'portugu', 'brasil') 0.000660923971712
('hillsong', 'lev', 'cruz') 0.000660923971712
('holand', 'vai', 'perd') 0.000660923971712
('lev', 'cruz', 'portugu') 0.000660923971712
('portugu', 'brasil', 'conf') 0.000660923971712
('sig', '@kenia_araujo', 'w') 0.000660923971712
('vai', '#br', 'brasil') 0.000660923971712
('vers', 'hillsong', 'lev') 0.000660923971712
('w', 'ww', 'myspac') 0.000660923971712
('ww', 'myspac', 'keniarauj') 0.000660923971712
('#mereceumtap', 'holand', 'vai') 0.000616862373598
('hahahah', 'vam', 'brasil') 0.000616862373598
('perd', 'hahahah', 'vam') 0.000616862373598
('vai', 'perd', 'hahahah') 0.000616862373598
('#br', 'vs', '#ned') 0.000594831574541
('@mereceumtapa', '#mereceumtap', 'holand') 0.000594831574541
('@tweetdesenho', 'vai', '#br') 0.000572800775484
('ai', 'umaunh', 'pra') 0.000572800775484
('alguem', 'ai', 'umaunh') 0.000572800775484
('emprest', 'ja', 'roi') 0.000572800775484
('ja', 'roi', 'tod') 0.000572800775484
('pra', 'emprest', 'ja') 0.000572800775484
('roi', 'tod', '#br') 0.000572800775484
('tod', '#br', '#cop') 0.000572800775484
('torc', 'pra', 'holand') 0.000572800775484
('umaunh', 'pra', 'emprest') 0.000572800775484
('@lapena', 'alguem', 'ai') 0.000550769976427
('brasil', 'jog', 'azul') 0.000550769976427
('assist', 'jog', 'brasil') 0.00052873917737
('brasil', 'x', 'holand') 0.00052873917737
('torc', 'pro', 'brasil') 0.000506708378313
('vend', 'jog', '#br') 0.000484677579256
('#br', '2x1', '#ned') 0.000462646780199

Intervalo 2
('#br', '#br', '#br') 0.0780219200253
('@ivetesangalo', 'junt', 'ness') 0.00557676406945
('junt', 'ness', '#copasolid') 0.00557676406945
('ness', '#copasolid', '#br') 0.00557676406945
('#torcidaivet', 'http', 'migr') 0.00533047164998
('#copasolid', '#br', '#torcidaivet') 0.00496103302078
('#br', '#torcidaivet', 'http') 0.00485547912672
('de', 'mens', '@ivetesangalo') 0.00409900955263
('mens', '@ivetesangalo', 'junt') 0.00409900955263
('particip', 'de', 'mens') 0.00402864028992
('@ivetesangalo', 'particip', 'de') 0.00399345565857
('#ned', '0', '1') 0.00327217071583
('0', '1', '#br') 0.00325457840015
('http', 'bit', 'ly') 0.00297310134933
('1', '#br', '10') 0.00269162429851
('#br', '10', 'rob') 0.00244533187904
('10', 'rob', 'brazil') 0.00237496261633
('rob', 'brazil', 'sc') 0.00237496261633
('brazil', 'sc', 'http') 0.00221663177524
('sc', 'http', 'bit') 0.00221663177524
('bit', 'ly', 'a9kvrq') 0.00211107788118
('http', 'migr', 'tis') 0.00211107788118
('ly', 'a9kvrq', '#worldcup') 0.0020934855655
('@fifacom', '#ned', '0') 0.0020231163028
('#br', '1x0', '#ned') 0.00156571609521
('#br', '@ivetesangalo', 'particip') 0.00123146209736
('#br', '1', '0') 0.000897208099502
('brasil', 'brasil', 'brasil') 0.000897208099502
('#br', '1', 'x') 0.000738877258414
('eeeeeeeee', 'brasil', '#br') 0.000721284942737
('brasil', 'sil', 'sil') 0.000650915680031
('@keshabebada', 'eeeeeeeee', 'brasil') 0.000633323364354
('#br', '@fifacom', '#ned') 0.000615731048678
('1', '0', '#ned') 0.000598138733001
('1', 'x', '0') 0.000598138733001
('brasil', '#br', '#br') 0.000598138733001
('vam', 'la', '#br') 0.000598138733001
('#br', 'gol', '#br') 0.000580546417325
('ta', 'torc', 'pra') 0.000580546417325
('x', '0', '#ned') 0.000580546417325
('#br', 'x', '#ned') 0.000562954101648
('#copasolid', '#br', 'brazil') 0.000527769470295
('#br', '1', '#ned') 0.000510177154619
('#br', 'brazil', '#torcidaivet') 0.000510177154619
('#ned', '#ned', '#ned') 0.000510177154619
('e', 'brasil', '#br') 0.000510177154619
('pass', 'felip', 'mel') 0.000510177154619
('#br', '#br', '1') 0.000474992523266
('brazil', '#torcidaivet', 'http') 0.000474992523266
('pro', 'rob', '#br') 0.000474992523266

Intervalo 3
('#br', '#br', '#br') 0.0469533448899
('vam', 'coloc', '#vaibrasil') 0.0115752390539
('#vaibrasil', 'tt', '#br') 0.011537959701
('coloc', '#vaibrasil', 'tt') 0.011537959701
('@vouconfessarque', 'vam', 'coloc') 0.0109414900557
('@ivetesangalo', 'junt', 'ness') 0.00408208913493
('junt', 'ness', '#copasolid') 0.00406344945852
('ness', '#copasolid', '#br') 0.00406344945852
('#br', '@vouconfessarque', 'vam') 0.00372793528304
('#torcidaivet', 'http', 'migr') 0.00369065593021
('#copasolid', '#br', '#torcidaivet') 0.00363473690097
('#br', '#torcidaivet', 'http') 0.00324330369625
('de', 'mens', '@ivetesangalo') 0.00255363566888
('mens', '@ivetesangalo', 'junt') 0.00255363566888
('particip', 'de', 'mens') 0.00249771663964
('@ivetesangalo', 'particip', 'de') 0.00238587858115
('http', 'migr', 'tis') 0.00193852634718
('http', 'bit', 'ly') 0.00188260731794
('tt', '#br', '@vouconfessarque') 0.00158437249529
('#ned', '0', '1') 0.00152845346605
('0', '1', '#br') 0.00150981378963
('1', '#br', '10') 0.00119293929057
('#br', '10', 'rob') 0.0010997409085
('10', 'rob', 'brazil') 0.00106246155567
('rob', 'brazil', 'sc') 0.00106246155567
('#br', 'x', '#ned') 0.00102518220284
('brazil', 'sc', 'http') 0.00102518220284
('sc', 'http', 'bit') 0.00102518220284
('#br', '@ivetesangalo', 'particip') 0.000969263173591
('bit', 'ly', 'a9kvrq') 0.000913344144346
('ly', 'a9kvrq', '#worldcup') 0.000913344144346
('@fifacom', '#ned', '0') 0.00089470446793
('vai', 'tom', 'cu') 0.000726947380193
('#br', 'brazil', '#br') 0.000671028350948
('#br', '1x0', '#ned') 0.000633748998117
('@ivetesangalo', '@ivetesangalo', 'junt') 0.000633748998117
('brazil', '#br', 'brazil') 0.000596469645287
('#br', '#br', '#ned') 0.000559190292457
('assist', 'jog', '#br') 0.000559190292457
('vai', 'brasil', 'vam') 0.000540550616041
('#br', '#hexacampea', 'vam') 0.000521910939626
('#br', '#worldcup', 'vam') 0.000521910939626
('#br', 'pra', 'frent') 0.000521910939626
('#gol', '#golaz', '#br') 0.000521910939626
('#golaz', '#br', '#hexacampea') 0.000521910939626
('#hexacampea', 'vam', '#br') 0.000521910939626
('#worldcup', '@vouconfessarque', 'vam') 0.000521910939626
('#worldcup', 'vam', 'mae') 0.000521910939626
('@jaimecamil', 'goooooooooollllll', '#gol') 0.000521910939626
('@nossasenhorita', 'vai', 'brasil') 0.000521910939626

Intervalo 4
('#br', '#br', '#br') 0.026671069044
('torc', 'pro', 'brasil') 0.00420060165823
('mick', 'jagg', 'ta') 0.00394379631668
('mick', 'jagg', 'torc') 0.00339349915621
('@ivetesangalo', 'junt', 'ness') 0.00231124807396
('junt', 'ness', '#copasolid') 0.00231124807396
('ness', '#copasolid', '#br') 0.00231124807396
('jagg', 'ta', 'torc') 0.00207278597109
('#copasolid', '#br', '#torcidaivet') 0.00192604006163
('#vaibrasil', 'tt', '#br') 0.00190769682295
('coloc', '#vaibrasil', 'tt') 0.00188935358427
('vam', 'coloc', '#vaibrasil') 0.00188935358427
('#torcidaivet', 'http', 'migr') 0.00181598062954
('@vouconfessarque', 'vam', 'coloc') 0.00177929415218
('assist', 'jog', 'brasil') 0.00174260767481
('http', 'bit', 'ly') 0.00174260767481
('ta', 'torc', 'pro') 0.00168757795876
('torc', 'pro', '#br') 0.00157751852667
('http', 'migr', 'tis') 0.00150414557194
('#br', '#torcidaivet', 'http') 0.00148580233326
('torc', 'pra', 'holand') 0.00132071318512
('jagg', 'torc', 'pro') 0.00130236994644
('ta', 'assist', 'jog') 0.00124734023039
('jagg', 'torc', 'brasil') 0.00122899699171
('da', 'tap', 'pass') 0.00111893755962
('e', 'da', 'tap') 0.00111893755962
('holand', 'e', 'da') 0.00111893755962
('da', 'holand', 'e') 0.00110059432093
('jog', 'da', 'holand') 0.00110059432093
('jagg', 'ta', 'assist') 0.00108225108225
('mick', 'jagg', 'est') 0.00100887812752
('jog', 'brasil', 'so') 0.000972191650158
('brasil', 'so', 'sang') 0.000953848411476
('satan', 'mick', 'jagg') 0.000953848411476
('so', 'sang', 'cord') 0.000953848411476
('@cleycianne', 'satan', 'mick') 0.000935505172793
('mens', '@ivetesangalo', 'junt') 0.000935505172793
('de', 'mens', '@ivetesangalo') 0.000917161934111
('acert', 'pres', '#br') 0.000880475456747
('corr', 'acert', 'pres') 0.000880475456747
('gol', 'rob', 'parec') 0.000880475456747
('hor', 'gol', 'rob') 0.000880475456747
('leopard', 'corr', 'acert') 0.000880475456747
('parec', 'leopard', 'corr') 0.000880475456747
('particip', 'de', 'mens') 0.000880475456747
('rob', 'parec', 'leopard') 0.000880475456747
('@silva_marina', 'hor', 'gol') 0.000862132218064
('@ivetesangalo', 'particip', 'de') 0.000843788979382
('ta', 'torc', 'pra') 0.0008254457407
('#br', 'mick', 'jagg') 0.000788759263336

Intervalo 5
('#br', '#br', '#br') 0.0259138811131
('http', 'bit', 'ly') 0.00177013008398
('@ivetesangalo', 'junt', 'ness') 0.00162604972831
('holand', 'bande', 'brasil') 0.00162604972831
('junt', 'ness', '#copasolid') 0.00162604972831
('ness', '#copasolid', '#br') 0.00162604972831
('#copasolid', '#br', '#torcidaivet') 0.00156430100445
('bande', 'brasil', 'camis') 0.00152313518854
('#torcidaivet', 'http', 'migr') 0.00139963774082
('torc', 'pro', 'brasil') 0.00137905483287
('#br', '#torcidaivet', 'http') 0.0012761402931
('mick', 'jagg', 'ta') 0.0012761402931
('assist', 'jog', 'brasil') 0.00119380866129
('camis', 'holand', 'bande') 0.00111147702947
('http', 'migr', 'tis') 0.00111147702947
('coloc', '#vaibrasil', 'tt') 0.00102914539766
('vam', 'coloc', '#vaibrasil') 0.00102914539766
('#vaibrasil', 'tt', '#br') 0.000946813765849
('@vouconfessarque', 'vam', 'coloc') 0.000905647949942
('mick', 'jagg', 'torc') 0.000864482134036
('cal', 'boc', 'galva') 0.000823316318129
('bande', '#br', 'camis') 0.000802733410176
('torc', 'pro', '#br') 0.00076156759427
('de', 'mens', '@ivetesangalo') 0.000740984686316
('jog', 'brasil', 'so') 0.000740984686316
('mens', '@ivetesangalo', 'junt') 0.000740984686316
('brazil', 'brazil', 'brazil') 0.000720401778363
('particip', 'de', 'mens') 0.000720401778363
('ta', 'assist', 'jog') 0.000720401778363
('torc', 'pra', 'holand') 0.000720401778363
('brasil', 'camis', 'holand') 0.00069981887041
('cal', 'boc', 'galv') 0.000679235962457
('@ivetesangalo', 'particip', 'de') 0.000658653054504
('bande', 'brasil', 'uniform') 0.00063807014655
('brasil', 'ta', 'jog') 0.00063807014655
('jagg', 'ta', 'assist') 0.00063807014655
('0', '1', '#br') 0.000617487238597
('@cleycianne', 'satan', 'mick') 0.000617487238597
('brasil', 'so', 'sang') 0.000617487238597
('da', 'tap', 'pass') 0.000617487238597
('satan', 'mick', 'jagg') 0.000617487238597
('so', 'sang', 'cord') 0.000617487238597
('#br', 'x', '#ned') 0.000596904330644
('@kenia_araujo', 'w', 'ww') 0.000576321422691
('brasil', 'conf', 'sig') 0.000576321422691
('conf', 'sig', '@kenia_araujo') 0.000576321422691
('cruz', 'portugu', 'brasil') 0.000576321422691
('e', 'da', 'tap') 0.000576321422691
('hillsong', 'lev', 'cruz') 0.000576321422691
('holand', 'e', 'da') 0.000576321422691

Intervalo 6
('#br', '#br', '#br') 0.0328604487373
('@ivetesangalo', 'junt', 'ness') 0.00177080189154
('junt', 'ness', '#copasolid') 0.00177080189154
('ness', '#copasolid', '#br') 0.00177080189154
('#torcidaivet', 'http', 'migr') 0.00146896066003
('http', 'migr', 'tis') 0.00144883791126
('brasil', 'ta', 'jog') 0.00120736492605
('http', 'bit', 'ly') 0.00120736492605
('#copasolid', '#br', '#torcidaivet') 0.00100613743837
('cal', 'boc', 'galva') 0.000784787201932
('#br', 'brazil', 'brazil') 0.000744541704397
('#copasolid', '#br', 'brazil') 0.000744541704397
('brazil', '#torcidaivet', 'http') 0.000744541704397
('#br', '#torcidaivet', 'http') 0.000724418955629
('brazil', 'brazil', '#torcidaivet') 0.000724418955629
('120', 'cor', 'geek') 0.000704296206862
('assist', 'jog', 'brasil') 0.000704296206862
('cor', 'geek', 'girl') 0.000704296206862
('ganh', 'palet', '120') 0.000704296206862
('geek', 'girl', 'stor') 0.000704296206862
('girl', 'stor', 'http') 0.000704296206862
('http', 'migr', 'txb8') 0.000704296206862
('migr', 'txb8', '#br') 0.000704296206862
('palet', '120', 'cor') 0.000704296206862
('quer', 'ganh', 'palet') 0.000704296206862
('stor', 'http', 'migr') 0.000704296206862
('torc', 'pro', '#br') 0.000704296206862
('#vaibrasil', 'tt', '#br') 0.000664050709327
('cal', 'boc', 'galv') 0.000643927960559
('coloc', '#vaibrasil', 'tt') 0.000623805211792
('vam', 'coloc', '#vaibrasil') 0.000623805211792
('@kenia_araujo', 'w', 'ww') 0.000603682463024
('brasil', 'conf', 'sig') 0.000603682463024
('conf', 'sig', '@kenia_araujo') 0.000603682463024
('cruz', 'portugu', 'brasil') 0.000603682463024
('hillsong', 'lev', 'cruz') 0.000603682463024
('lev', 'cruz', 'portugu') 0.000603682463024
('portugu', 'brasil', 'conf') 0.000603682463024
('sig', '@kenia_araujo', 'w') 0.000603682463024
('vers', 'hillsong', 'lev') 0.000603682463024
('w', 'ww', 'myspac') 0.000603682463024
('ww', 'myspac', 'keniarauj') 0.000603682463024
('kak', 'bad', 'boy') 0.000583559714257
('brasil', 'dar', 'show') 0.000563436965489
('ador', 'ver', 'brasil') 0.000543314216722
('bad', 'boy', 'gol') 0.000543314216722
('boy', 'gol', 'saiss') 0.000543314216722
('dez', 'vez', 'ja') 0.000543314216722
('e', 'ador', 'ver') 0.000543314216722
('gol', 'saiss', 'iri') 0.000543314216722

Intervalo 7
('#br', '#br', '#br') 0.0173587904843
('angul', 'so', 'pro') 0.0028539946894
('ato', 'maldad', 'chut') 0.0028539946894
('bol', 'angul', 'so') 0.0028539946894
('chut', 'bol', 'angul') 0.0028539946894
('extr', 'ato', 'maldad') 0.0028539946894
('gol', 'holand', 'ter') 0.0028539946894
('holand', 'ter', 'pul') 0.0028539946894
('kak', 'extr', 'ato') 0.0028539946894
('maldad', 'chut', 'bol') 0.0028539946894
('pro', 'gol', 'holand') 0.0028539946894
('so', 'pro', 'gol') 0.0028539946894
('ter', 'pul', '#kakabadboy') 0.0028539946894
('@kaka_badboy', 'kak', 'extr') 0.00283593143187
('@ivetesangalo', 'junt', 'ness') 0.00160762991998
('junt', 'ness', '#copasolid') 0.00160762991998
('ness', '#copasolid', '#br') 0.00160762991998
('#torcidaivet', 'http', 'migr') 0.00153537688987
('http', 'migr', 'tis') 0.00140893408717
('#copasolid', '#br', '#torcidaivet') 0.00130055454201
('#br', '#torcidaivet', 'http') 0.0011018587092
('cap', 'mostr', 'cart') 0.00102960567909
('card', 'cap', 'mostr') 0.00102960567909
('cart', 'vermelh', 'pro') 0.00102960567909
('holandesesssss', '#br', '#worldcup') 0.00102960567909
('juiz', 'sakur', 'card') 0.00102960567909
('mostr', 'cart', 'vermelh') 0.00102960567909
('pro', 'holandesesssss', '#br') 0.00102960567909
('sakur', 'card', 'cap') 0.00102960567909
('vermelh', 'pro', 'holandesesssss') 0.00102960567909
('@vidadegayroto', 'juiz', 'sakur') 0.00101154242156
('http', 'bit', 'ly') 0.000975415906505
('buen', 'e', 'duv') 0.000830909846282
('gag', 'david', 'brasil') 0.000830909846282
('galv', 'buen', 'e') 0.000830909846282
('jog', 'pod', 'ser') 0.000830909846282
('pod', 'ser', 'substitu') 0.000830909846282
('prox', 'jog', 'pod') 0.000830909846282
('rouc', 'galv', 'buen') 0.000830909846282
('ser', 'substitu', 'gag') 0.000830909846282
('substitu', 'gag', 'david') 0.000830909846282
('duv', 'prox', 'jog') 0.000812846588754
('e', 'duv', 'prox') 0.000812846588754
('@agamenondoglobo', 'rouc', 'galv') 0.000794783331226
('lind', 'q', 'seleca') 0.000794783331226
('q', 'seleca', 'ta') 0.000794783331226
('seleca', 'ta', 'jog') 0.000794783331226
('@ivetesangalo', 'lind', 'q') 0.00075865681617
('brasil', 'ta', 'jog') 0.000740593558642
('torc', 'pro', 'brasil') 0.000740593558642

Intervalo 8
('#br', '#br', '#br') 0.0201503445396
('narr', 'jog', 'brasil') 0.00137467808172
('ta', 'narr', 'jog') 0.00132247511659
('led', 'nagl', 'ta') 0.00130507412821
('nagl', 'ta', 'narr') 0.00130507412821
('p', 'rra', 'e') 0.00128767313983
('e', 'led', 'nagl') 0.00127027215146
('jog', 'brasil', 'coment') 0.00127027215146
('rra', 'e', 'led') 0.00127027215146
('@kibeloco', 'p', 'rra') 0.00125287116308
('brasil', 'coment', 'aren') 0.00121806918633
('coment', 'aren', 'fif') 0.00121806918633
('aren', 'fif', 'fan') 0.00120066819795
('fif', 'fan', 'fest') 0.00120066819795
('fan', 'fest', '#pigarr') 0.00118326720958
('@kaka_badboy', 'kak', 'extr') 0.00114846523283
('angul', 'so', 'pro') 0.00114846523283
('ato', 'maldad', 'chut') 0.00114846523283
('bol', 'angul', 'so') 0.00114846523283
('chut', 'bol', 'angul') 0.00114846523283
('extr', 'ato', 'maldad') 0.00114846523283
('gol', 'holand', 'ter') 0.00114846523283
('holand', 'ter', 'pul') 0.00114846523283
('kak', 'extr', 'ato') 0.00114846523283
('maldad', 'chut', 'bol') 0.00114846523283
('pro', 'gol', 'holand') 0.00114846523283
('so', 'pro', 'gol') 0.00114846523283
('ter', 'pul', '#kakabadboy') 0.00114846523283
('fest', '#pigarr', '#tos') 0.00104405930257
('@ivetesangalo', 'junt', 'ness') 0.000817846453679
('http', 'bit', 'ly') 0.000817846453679
('junt', 'ness', '#copasolid') 0.000817846453679
('ness', '#copasolid', '#br') 0.000817846453679
('brasil', 'ta', 'jog') 0.00076564348855
('#copasolid', '#br', '#torcidaivet') 0.000696039535046
('#torcidaivet', 'http', 'migr') 0.000661237558293
('ach', 'dev', 'faz') 0.000661237558293
('compr', 'uma', 'roup') 0.000661237558293
('dev', 'faz', 'vaqu') 0.000661237558293
('dung', 'ent', 'nao') 0.000661237558293
('ent', 'nao', 'mud') 0.000661237558293
('faz', 'vaqu', 'compr') 0.000661237558293
('ixi', 'dung', 'ent') 0.000661237558293
('mud', 'sobretud', 'ach') 0.000661237558293
('nao', 'mud', 'sobretud') 0.000661237558293
('sobretud', 'ach', 'dev') 0.000661237558293
('uma', 'roup', 'fashiom') 0.000661237558293
('vaqu', 'compr', 'uma') 0.000661237558293
('http', 'migr', 'tis') 0.000643836569917
('@zecsinho', 'ixi', 'dung') 0.000626435581541

Intervalo 9
('#br', '#br', '#br') 0.0251099299705
('narr', 'jog', 'brasil') 0.00226522363531
('b', 'led', 'nagl') 0.00186547828791
('est', 'narr', 'jog') 0.00186547828791
('brasil', 'galv', 'buen') 0.00185067290467
('c', 'francisc', 'cuoc') 0.00185067290467
('francisc', 'cuoc', 'd') 0.00185067290467
('led', 'nagl', 'c') 0.00185067290467
('nagl', 'c', 'francisc') 0.00185067290467
('#pigarr', 'b', 'led') 0.00183586752143
('buen', '#pigarr', 'b') 0.00183586752143
('cuoc', 'd', 'ital') 0.00183586752143
('d', 'ital', 'ross') 0.00183586752143
('galv', 'buen', '#pigarr') 0.00183586752143
('jog', 'brasil', 'galv') 0.00183586752143
('@kibeloco', 'est', 'narr') 0.00182106213819
('#br', '1x0', '#ned') 0.00159898138963
('brasil', 'ta', 'jog') 0.0015841760064
('prim', 'temp', '#br') 0.00130287372489
('fim', 'prim', 'temp') 0.00121404142546
('@ivetesangalo', 'junt', 'ness') 0.00105118220985
('junt', 'ness', '#copasolid') 0.00105118220985
('ness', '#copasolid', '#br') 0.00105118220985
('@cleycianne', 'holand', 'e') 0.00102157144338
('amarr', 'jesu', 'mand') 0.00102157144338
('e', 'pais', 'emaconh') 0.00102157144338
('holand', 'e', 'pais') 0.00102157144338
('jesu', 'mand', 'pra') 0.00102157144338
('mand', 'pra', 'cas') 0.00102157144338
('pais', 'emaconh', 'prostitut') 0.00102157144338
('pec', 'amarr', 'jesu') 0.00102157144338
('emaconh', 'prostitut', 'pec') 0.00100676606014
('prostitut', 'pec', 'amarr') 0.00100676606014
('@celsodossi', '@cleycianne', 'holand') 0.000991960676902
('#torcidaivet', 'http', 'migr') 0.000977155293665
('acab', 'prim', 'temp') 0.00094754452719
('dung', 'so', 'entr') 0.000917933760715
('entr', 'twitt', '#kakabadboy') 0.000917933760715
('internet', 'dung', 'so') 0.000917933760715
('kak', 'roub', 'sinal') 0.000917933760715
('roub', 'sinal', 'internet') 0.000917933760715
('sinal', 'internet', 'dung') 0.000917933760715
('so', 'entr', 'twitt') 0.000917933760715
('#copasolid', '#br', '#torcidaivet') 0.000858712227766
('@kaka_badboy', 'kak', 'roub') 0.000858712227766
('http', 'migr', 'tis') 0.000858712227766
('temp', '#br', '1x0') 0.000814296078054
('#br', 'x', '#ned') 0.000799490694817
('#br', '#torcidaivet', 'http') 0.000784685311579
('#ned', '0', '1') 0.000784685311579

Intervalo 10
('#br', '#br', '#br') 0.0326585825402
('brasil', 'ta', 'jog') 0.00152181264795
('@ivetesangalo', 'junt', 'ness') 0.00126817720663
('junt', 'ness', '#copasolid') 0.00126817720663
('ness', '#copasolid', '#br') 0.00126817720663
('#torcidaivet', 'http', 'migr') 0.00123194357215
('http', 'migr', 'tis') 0.00117155418136
('http', 'bit', 'ly') 0.00111116479057
('#copasolid', '#br', '#torcidaivet') 0.00108700903425
('#br', '#torcidaivet', 'http') 0.0010145417653
('narr', 'jog', 'brasil') 0.000966230252669
('#br', '1x0', '#ned') 0.000881685105561
('bem', 'ensai', 'nao') 0.00080921783661
('e', 'elenc', 'comed') 0.00080921783661
('ensai', 'nao', 'estrel') 0.00080921783661
('est', 'bem', 'ensai') 0.00080921783661
('sab', 'text', 'est') 0.00080921783661
('text', 'est', 'bem') 0.00080921783661
('comed', 'sab', 'text') 0.000797139958452
('elenc', 'comed', 'sab') 0.000797139958452
('estrel', 'arremat', 'pi') 0.000797139958452
('nao', 'estrel', 'arremat') 0.000797139958452
('holand', 'e', 'elenc') 0.000772984202135
('@falabellareal', 'holand', 'e') 0.000748828445819
('jog', 'brasil', 'galv') 0.00073675056766
('ta', 'jog', 'bem') 0.00073675056766
('#br', 'x', '#ned') 0.000724672689502
('#pigarr', 'b', 'led') 0.000724672689502
('@kibeloco', 'est', 'narr') 0.000724672689502
('b', 'led', 'nagl') 0.000724672689502
('brasil', 'galv', 'buen') 0.000724672689502
('buen', '#pigarr', 'b') 0.000724672689502
('c', 'francisc', 'cuoc') 0.000724672689502
('est', 'narr', 'jog') 0.000724672689502
('galv', 'buen', '#pigarr') 0.000724672689502
('led', 'nagl', 'c') 0.000724672689502
('nagl', 'c', 'francisc') 0.000724672689502
('francisc', 'cuoc', 'd') 0.000712594811344
('cuoc', 'd', 'ital') 0.000688439055027
('d', 'ital', 'ross') 0.000688439055027
('#br', 'ta', 'jog') 0.00059181602976
('@kaka_badboy', 'kak', 'roub') 0.00059181602976
('dung', 'so', 'entr') 0.00059181602976
('internet', 'dung', 'so') 0.00059181602976
('kak', 'roub', 'sinal') 0.00059181602976
('roub', 'sinal', 'internet') 0.00059181602976
('sinal', 'internet', 'dung') 0.00059181602976
('so', 'entr', 'twitt') 0.00059181602976
('torc', 'pro', 'brasil') 0.00059181602976
('vam', 'la', 'brasil') 0.00059181602976

Intervalo 11
('#br', '#br', '#br') 0.0258513809386
('galv', 'ta', 'rouc') 0.00133213748714
('coit', 'precis', 'ser') 0.00131894800707
('doi', 'coit', 'precis') 0.00131894800707
('precis', 'ser', 'substitu') 0.00131894800707
('rouc', 'doi', 'coit') 0.00131894800707
('ser', 'dung', 'glob') 0.00131894800707
('ser', 'substitu', 'ser') 0.00131894800707
('substitu', 'ser', 'dung') 0.00131894800707
('ta', 'rouc', 'doi') 0.00131894800707
('@marcelotas', 'galv', 'ta') 0.00127937956686
('http', 'bit', 'ly') 0.00125300060672
('ta', 'torc', 'pra') 0.00109472684587
('brasil', 'ta', 'jog') 0.00106834788573
('@ivetesangalo', 'junt', 'ness') 0.00104196892558
('junt', 'ness', '#copasolid') 0.00104196892558
('ness', '#copasolid', '#br') 0.00104196892558
('#torcidaivet', 'http', 'migr') 0.000962832045161
('#copasolid', '#br', '#torcidaivet') 0.000883695164737
('vam', 'la', 'brasil') 0.000857316204595
('http', 'migr', 'tis') 0.000817747764383
('#br', '#torcidaivet', 'http') 0.000791368804242
('torc', 'pra', 'holand') 0.000712231923818
('#br', 'x', '#ned') 0.000699042443747
('torc', 'pro', 'brasil') 0.000672663483605
('#br', 'ta', 'jog') 0.000646284523464
('ta', 'jog', 'bem') 0.000580337123111
('e', 'brasil', 'ta') 0.00056714764304
('narr', 'jog', 'brasil') 0.00056714764304
('babac', 'quer', 'aparec') 0.000553958162969
('e', 'babac', 'quer') 0.000553958162969
('brasil', 'ta', 'torc') 0.000540768682899
('cal', 'boc', 'galva') 0.000527579202828
('holand', 'voc', 'e') 0.000514389722757
('aparec', 'nao', 'ta') 0.000501200242686
('nao', 'ta', 'torc') 0.000501200242686
('pra', 'holand', 'voc') 0.000501200242686
('quer', 'aparec', 'nao') 0.000501200242686
('so', 'pra', 'avis') 0.000501200242686
('@felipeneto', 'so', 'pra') 0.000488010762616
('avis', 'voc', 'e') 0.000488010762616
('pra', 'avis', 'voc') 0.000488010762616
('voc', 'e', 'babac') 0.000488010762616
('voc', 'e', 'brasil') 0.000488010762616
('#pigarr', 'b', 'led') 0.000474821282545
('b', 'led', 'nagl') 0.000474821282545
('jog', 'brasil', 'galv') 0.000474821282545
('led', 'nagl', 'c') 0.000474821282545
('#br', '1x0', '#ned') 0.000461631802474
('buen', '#pigarr', 'b') 0.000461631802474

Intervalo 12
('#br', '#br', '#br') 0.0356424971597
('comec', 'segund', 'temp') 0.00233052699042
('vam', 'la', 'brasil') 0.00150027675008
('segund', 'temp', '#br') 0.00145657936901
('vam', 'la', '#br') 0.00122352666997
('segund', 'temp', 'vam') 0.000961342383546
('http', 'bit', 'ly') 0.000946776589856
('gol', 'pro', 'brasil') 0.000888513415096
('@ivetesangalo', 'junt', 'ness') 0.000873947621406
('junt', 'ness', '#copasolid') 0.000873947621406
('ness', '#copasolid', '#br') 0.000873947621406
('brasil', 'eh', 'clar') 0.000844816034026
('pro', 'brasil', 'eh') 0.000844816034026
('qu', 'gol', 'pro') 0.000844816034026
('@vitoral', 'qu', 'gol') 0.000830250240336
('ta', 'torc', 'pra') 0.000830250240336
('#copasolid', '#br', '#torcidaivet') 0.000771987065575
('#br', '1x0', '#ned') 0.000757421271885
('#torcidaivet', 'http', 'migr') 0.000757421271885
('http', 'migr', 'tis') 0.000742855478195
('cal', 'boc', 'galva') 0.000728289684505
('galv', 'ta', 'rouc') 0.000713723890815
('#br', '#torcidaivet', 'http') 0.000684592303435
('ser', 'dung', 'glob') 0.000684592303435
('@marcelotas', 'galv', 'ta') 0.000670026509745
('coit', 'precis', 'ser') 0.000670026509745
('doi', 'coit', 'precis') 0.000670026509745
('precis', 'ser', 'substitu') 0.000670026509745
('rouc', 'doi', 'coit') 0.000670026509745
('ser', 'substitu', 'ser') 0.000670026509745
('substitu', 'ser', 'dung') 0.000670026509745
('ta', 'rouc', 'doi') 0.000670026509745
('vam', 'brasil', '#br') 0.000670026509745
('#br', 'segund', 'temp') 0.000655460716054
('#worldcup', 'acompanh', 'jog') 0.000655460716054
('acompanh', 'jog', '#br') 0.000655460716054
('artilh', 'prefer', 'imaginarium') 0.000655460716054
('brasil', 'ta', 'jog') 0.000655460716054
('el', 'segund', 'tiemp') 0.000655460716054
('fun', 'artilh', 'prefer') 0.000655460716054
('http', 'migr', 'tlk4') 0.000655460716054
('imaginarium', 'http', 'migr') 0.000655460716054
('kidult', 'fun', 'artilh') 0.000655460716054
('prefer', 'imaginarium', 'http') 0.000655460716054
('#br', 'kidult', 'fun') 0.000640894922364
('#ned', '0', '1') 0.000640894922364
('0', '1', '#br') 0.000640894922364
('jog', '#br', 'kidult') 0.000640894922364
('torc', 'pra', 'holand') 0.000640894922364
('torc', 'pro', 'brasil') 0.000640894922364

Intervalo 13
('#br', '#br', '#br') 0.0557855400658
('#br', '#br', '#ned') 0.00226006399785
('#ned', '#br', '#br') 0.00226006399785
('#br', '#ned', '#br') 0.00223768712659
('ach', 'suc', 'laranj') 0.00221531025532
('laranj', '#br', '#br') 0.00221531025532
('suc', 'laranj', '#br') 0.00221531025532
('voc', 'ach', 'suc') 0.00221531025532
('@wesleyiporti', 'voc', 'ach') 0.00219293338405
('http', 'bit', 'ly') 0.00163351160241
('#torcidaivet', 'http', 'migr') 0.00100695920696
('vam', 'la', 'brasil') 0.000962205464432
('@ivetesangalo', 'junt', 'ness') 0.000895074850634
('junt', 'ness', '#copasolid') 0.000895074850634
('ness', '#copasolid', '#br') 0.000895074850634
('@kenia_araujo', 'w', 'ww') 0.000827944236837
('brasil', 'conf', 'sig') 0.000827944236837
('conf', 'sig', '@kenia_araujo') 0.000827944236837
('cruz', 'portugu', 'brasil') 0.000827944236837
('hillsong', 'lev', 'cruz') 0.000827944236837
('lev', 'cruz', 'portugu') 0.000827944236837
('portugu', 'brasil', 'conf') 0.000827944236837
('sig', '@kenia_araujo', 'w') 0.000827944236837
('vers', 'hillsong', 'lev') 0.000827944236837
('w', 'ww', 'myspac') 0.000827944236837
('ww', 'myspac', 'keniarauj') 0.000827944236837
('vam', 'la', '#br') 0.000805567365571
('#br', '#torcidaivet', 'http') 0.000760813623039
('#br', 'x', '#ned') 0.000760813623039
('#copasolid', '#br', '#torcidaivet') 0.000760813623039
('brasil', 'ta', 'jog') 0.000760813623039
('http', 'migr', 'tis') 0.000760813623039
('assist', 'jog', '#br') 0.000738436751773
('torc', 'pro', 'brasil') 0.000671306137976
('#br', '@wesleyiporti', 'voc') 0.000626552395444
('assist', 'jog', 'brasil') 0.000604175524178
('gol', 'pro', 'brasil') 0.000559421781646
('torc', 'pra', 'holand') 0.000559421781646
('@vitoral', 'qu', 'gol') 0.000537044910381
('brasil', 'eh', 'clar') 0.000537044910381
('brasil', 'x', 'holand') 0.000537044910381
('pro', 'brasil', 'eh') 0.000537044910381
('qu', 'gol', 'pro') 0.000537044910381
('acert', 'diss', 'cebol') 0.000492291167849
('brasil', 'faz', 'gol') 0.000492291167849
('brasil', 'hoj', 'nao') 0.000492291167849
('diss', 'cebol', 'via') 0.000492291167849
('hoj', 'nao', 'elan') 0.000492291167849
('melhor', 'pi', 'ruim') 0.000492291167849
('pi', 'ruim', 'dia') 0.000492291167849

Intervalo 14
('#br', '#br', '#br') 0.0226563089222
('1', '1', '#br') 0.00349950976695
('#ned', '1', '1') 0.0034693415793
('http', 'bit', 'ly') 0.00247379138698
('1', '#br', '53') 0.00229278226111
('#br', '53', 'juan') 0.00209668904141
('53', 'juan', 'brazil') 0.00208160494758
('an', 'own', 'goal') 0.00206652085376
('brazil', 'sc', 'an') 0.00205143675994
('juan', 'brazil', 'sc') 0.00205143675994
('sc', 'an', 'own') 0.00205143675994
('goal', 'http', 'bit') 0.00203635266611
('own', 'goal', 'http') 0.00203635266611
('#br', '1x1', '#ned') 0.00184025944641
('bit', 'ly', 'a9kvrq') 0.00182517535259
('ly', 'a9kvrq', '#worldcup') 0.00182517535259
('@fifacom', '#ned', '1') 0.00177992307112
('vam', 'la', 'brasil') 0.00102571837997
('1', 'x', '1') 0.00101063428615
('#br', '1', '1') 0.000874877441738
('1', '1', '#ned') 0.000874877441738
('#br', '1', 'x') 0.000844709254092
('x', '1', '#ned') 0.000829625160268
('vam', 'la', '#br') 0.000799456972622
('gol', 'vam', '#br') 0.000784372878799
('holand', 'fez', 'gol') 0.000784372878799
('vam', '#br', 'acredit') 0.000769288784976
('#br', 'acredit', 'exprem') 0.000754204691153
('#putafaltadesacan', 'gol', 'vam') 0.000754204691153
('acredit', 'exprem', 'mexir') 0.000754204691153
('exprem', 'mexir', 'azed') 0.000754204691153
('@tweetcomedia', '#putafaltadesacan', 'gol') 0.000724036503507
('anunc', 'gol', 'embaix') 0.000663700128215
('embaix', 'plac', 'rob') 0.000663700128215
('felip', 'mel', '#mul') 0.000663700128215
('fif', 'anunc', 'gol') 0.000663700128215
('gol', 'embaix', 'plac') 0.000663700128215
('plac', 'rob', 'felip') 0.000663700128215
('rob', 'felip', 'mel') 0.000663700128215
('contr', 'felip', 'mel') 0.000648616034392
('@mionzera', 'fif', 'anunc') 0.000633531940569
('gol', 'contr', 'felip') 0.000618447846746
('#torcidaivet', 'http', 'migr') 0.000603363752923
('40', 'minut', 'pra') 0.000588279659099
('vc', '40', 'minut') 0.000588279659099
('#br', '#br', '#ned') 0.000573195565276
('@amigocolorido', 'brasil', 'vc') 0.000573195565276
('brasil', 'vc', '40') 0.000573195565276
('minut', 'pra', 'traz') 0.000573195565276
('pra', 'traz', 'feri') 0.000573195565276

Intervalo 15
('#br', '#br', '#br') 0.029373130549
('fif', 'anunc', 'gol') 0.0027853830693
('rob', 'felip', 'mel') 0.0027853830693
('anunc', 'gol', 'embaix') 0.00276955702914
('embaix', 'plac', 'rob') 0.00276955702914
('gol', 'embaix', 'plac') 0.00276955702914
('plac', 'rob', 'felip') 0.00275373098897
('felip', 'mel', '#mul') 0.0026904268283
('@mionzera', 'fif', 'anunc') 0.00261129662747
('http', 'bit', 'ly') 0.00131356133382
('#ned', '1', '1') 0.00101286657066
('1', '1', '#br') 0.000997040530489
('mick', 'jagg', 'e') 0.000997040530489
('faz', 'gol', 'ta') 0.000981214490322
('ta', 'jog', 'melhor') 0.000981214490322
('falt', 'faz', 'gol') 0.000965388450156
('#br', 'ta', 'jog') 0.000949562409989
('gol', 'ta', 'atrapalh') 0.000949562409989
('jog', 'melhor', 'falt') 0.000949562409989
('melhor', 'falt', 'faz') 0.000949562409989
('vam', 'la', 'brasil') 0.000949562409989
('atrapalh', 'mick', 'jagg') 0.000933736369823
('ta', 'atrapalh', 'mick') 0.000933736369823
('jagg', 'e', 'clar') 0.000917910329656
('@tweetcomedia', '#br', 'ta') 0.00085460616899
('torc', 'pra', 'holand') 0.000791302008324
('vam', 'la', '#br') 0.000743823887825
('#br', 'x', '#ned') 0.000712171807492
('contr', 'felip', 'mel') 0.000696345767326
('gol', 'contr', 'felip') 0.000696345767326
('traz', 'feri', 'volt') 0.000696345767326
('minut', 'pra', 'traz') 0.000680519727159
('40', 'minut', 'pra') 0.000664693686993
('pra', 'traz', 'feri') 0.000664693686993
('@amigocolorido', 'brasil', 'vc') 0.000648867646826
('brasil', 'vc', '40') 0.000648867646826
('vc', '40', 'minut') 0.000648867646826
('ta', 'torc', 'pra') 0.00063304160666
('#br', '1x1', '#ned') 0.000617215566493
('gol', 'contr', 'brasil') 0.000538085365661
('http', 'migr', 'tis') 0.000538085365661
('@ivetesangalo', 'junt', 'ness') 0.000522259325494
('#br', '@mionzera', 'fif') 0.000506433285328
('junt', 'ness', '#copasolid') 0.000506433285328
('ness', '#copasolid', '#br') 0.000506433285328
('1', '#br', '53') 0.000490607245161
('torc', 'pro', 'brasil') 0.000490607245161
('#br', '53', 'juan') 0.000458955164828
('53', 'juan', 'brazil') 0.000458955164828
('an', 'own', 'goal') 0.000458955164828

Intervalo 16
('#br', '#br', '#br') 0.0242346273535
('est', 'jog', 'bem') 0.00111263712383
('brasil', 'merec', 'vitor') 0.00109525216877
('so', 'fez', 'gol') 0.00109525216877
('holand', 'so', 'fez') 0.00107786721371
('bem', 'holand', 'so') 0.00106048225865
('bobe', 'brasil', 'vai') 0.00106048225865
('fez', 'gol', 'bobe') 0.00106048225865
('gol', 'bobe', 'brasil') 0.00106048225865
('jog', 'bem', 'holand') 0.00106048225865
('merec', 'vitor', 'poi') 0.00106048225865
('poi', 'est', 'jog') 0.00106048225865
('vitor', 'poi', 'est') 0.00106048225865
('@zecsinho', 'brasil', 'merec') 0.00100832739347
('brasil', 'vai', 'ven') 0.000990942438414
('sofr', 'vai', 'brasil') 0.000921402618174
('ai', 'sofr', 'vai') 0.000904017663114
('@pretamaria', 'ai', 'sofr') 0.000869247752995
('torc', 'pra', 'holand') 0.000782322977695
('torc', 'pro', 'brasil') 0.000712783157456
('vam', 'la', 'brasil') 0.000678013247336
('#br', 'x', '#ned') 0.000538933606857
('#ned', '#ned', '#ned') 0.000504163696737
('vam', 'brasil', 'vam') 0.000504163696737
('#br', '1x1', '#ned') 0.000486778741677
('#ned', '1', '1') 0.000486778741677
('1', '1', '#br') 0.000486778741677
('ta', 'torc', 'pra') 0.000486778741677
('vam', 'la', '#br') 0.000486778741677
('@ivetesangalo', 'junt', 'ness') 0.000469393786617
('brasil', 'confi', 'vc') 0.000469393786617
('brasil', 'vam', 'brasil') 0.000469393786617
('http', 'bit', 'ly') 0.000469393786617
('junt', 'ness', '#copasolid') 0.000469393786617
('ness', '#copasolid', '#br') 0.000469393786617
('confi', 'vc', 'sei') 0.000452008831557
('contr', 'felip', 'mel') 0.000452008831557
('n', 'vao', 'decepc') 0.000452008831557
('q', 'vc', 'n') 0.000452008831557
('quer', 'selec', 'brasil') 0.000452008831557
('sei', 'q', 'vc') 0.000452008831557
('selec', 'brasil', 'confi') 0.000452008831557
('vc', 'n', 'vao') 0.000452008831557
('vc', 'sei', 'q') 0.000452008831557
('gol', 'contr', 'felip') 0.000434623876497
('jacki', 'chan', 'ta') 0.000434623876497
('#br', 'vam', '#br') 0.000417238921437
('#ned', 'faz', 'muit') 0.000417238921437
('@lualone', 'quer', 'selec') 0.000417238921437
('afet', 'vis', 'prest') 0.000417238921437

Intervalo 17
('#br', '#br', '#br') 0.023581235561
('vou', 'mat', 'dung') 0.00137656958859
('2', '1', '#br') 0.00134065907758
('@eduardosurita', 'vou', 'mat') 0.00132868890724
('#ned', '2', '1') 0.00131671873691
('volt', 'pra', 'cas') 0.000993524137848
('#br', '1x2', '#ned') 0.000754120731138
('lo', 'pued', 'cre') 0.000754120731138
('2', '#br', '1') 0.000730180390467
('tir', 'mick', 'jagg') 0.000706240049796
('#ned', '2', '#br') 0.00069426987946
('brasil', 'nao', 'pod') 0.000670329538789
('nao', 'pod', 'perd') 0.000610478687112
('torc', 'pro', 'brasil') 0.000598508516776
('faz', 'algum', 'cois') 0.000574568176105
('#ned', '2x1', '#br') 0.00056259800577
('pued', 'cre', '#br') 0.00056259800577
('#br', 'lo', 'pued') 0.000550627835434
('caraj', 'vam', '#br') 0.000550627835434
('pas', 'caraj', 'vam') 0.000550627835434
('vam', '#br', 'lo') 0.000550627835434
('#br', '#br', '#hexacampea') 0.000538657665099
('#br', '#hexacampea', '#hexacampea') 0.000538657665099
('#hexacampea', '#hexacampea', '#worldcup') 0.000538657665099
('#hexacampea', '#worldcup', 'vaaaamooooss') 0.000538657665099
('#ned', '#ned', '#ned') 0.000538657665099
('@jaimecamil', 'pas', 'caraj') 0.000538657665099
('cre', '#br', '#br') 0.000538657665099
('vam', 'la', 'brasil') 0.000538657665099
('vam', 'brasil', '#br') 0.000526687494763
('#br', '#br', '#b') 0.000514717324428
('@twittess', '#br', '#br') 0.000514717324428
('vai', 'tom', 'cu') 0.000502747154092
('q', 'dung', 'pod') 0.000490776983756
('ser', 'elimin', 'holand') 0.000478806813421
('vam', 'la', '#br') 0.000466836643085
('#br', 'nao', 'pod') 0.00045486647275
('tir', 'kak', 'coloc') 0.00045486647275
('kak', 'coloc', 'nilm') 0.000442896302414
('bem', 'q', 'dung') 0.000418955961743
('dung', 'faz', 'algum') 0.000418955961743
('dung', 'pod', 'tir') 0.000418955961743
('pod', 'tir', 'kak') 0.000418955961743
('@romarioonze', 'bem', 'q') 0.000383045450737
('faz', 'substitu', 'tir') 0.000359105110066
('vam', 'ser', 'elimin') 0.000359105110066
('brasil', 'vam', 'ser') 0.00034713493973
('dung', 'faz', 'substitu') 0.00034713493973
('pro', 'dung', 'faz') 0.00034713493973
('substitu', 'tir', 'mick') 0.00034713493973

Intervalo 18
('#br', '#br', '#br') 0.00968859430889
('coloc', 'ronald', 'gauch') 0.00281645183398
('dung', 'coloc', 'ronald') 0.00281645183398
('ronald', 'gauch', 'gans') 0.00281645183398
('calm', 'gent', 'daqu') 0.0028070636612
('daqu', 'pouc', 'dung') 0.0028070636612
('gans', 'gent', 'vir') 0.0028070636612
('gauch', 'gans', 'gent') 0.0028070636612
('gent', 'daqu', 'pouc') 0.0028070636612
('pouc', 'dung', 'coloc') 0.0028070636612
('gent', 'vir', 'ai') 0.00279767548842
('vir', 'ai', '#cop') 0.0025723593417
('@kibeloco', 'calm', 'gent') 0.0025254184778
('2', '1', '#br') 0.00107025169691
('#ned', '2', '1') 0.00104208717857
('felip', 'mel', 'nao') 0.000910652759653
('http', 'bit', 'ly') 0.000901264586873
('14', 'min', '14') 0.000844935550194
('14', 'tens', 'minut') 0.000844935550194
('@eduardosurita', 'parab', 'dung') 0.000844935550194
('min', '14', 'tens') 0.000844935550194
('minut', 'vai', '#br') 0.000844935550194
('tens', 'minut', 'vai') 0.000844935550194
('@federicodevito', '14', 'min') 0.000826159204634
('parabem', 'felip', 'mel') 0.000816771031854
('felip', 'mel', 'e') 0.000807382859074
('1', '#br', '73') 0.000675948440155
('correspond', 'as', 'expect') 0.000675948440155
('volt', 'pra', 'cas') 0.000675948440155
('as', 'expect', 'tod') 0.000666560267375
('decepcion', 'correspond', 'as') 0.000666560267375
('expect', 'tod', 'brasil') 0.000666560267375
('nao', 'decepcion', 'correspond') 0.000666560267375
('mel', 'nao', 'decepcion') 0.000657172094595
('felip', 'mel', 'brazil') 0.000638395749035
('is', 'sent', 'off') 0.000638395749035
('#br', '73', 'felip') 0.000629007576255
('73', 'felip', 'mel') 0.000629007576255
('@microcontoscos', 'parabem', 'felip') 0.000610231230696
('brazil', 'is', 'sent') 0.000610231230696
('mel', 'brazil', 'is') 0.000610231230696
('mick', 'jagg', 'torc') 0.000610231230696
('off', 'http', 'bit') 0.000600843057916
('sent', 'off', 'http') 0.000600843057916
('bit', 'ly', 'a9kvrq') 0.000563290366796
('ly', 'a9kvrq', '#worldcup') 0.000563290366796
('felip', 'mel', 'expuls') 0.000535125848456
('vam', 'pra', 'cim') 0.000535125848456
('#ned', '#ned', '#ned') 0.000525737675676
('@fifacom', '#ned', '2') 0.000516349502896

Intervalo 19
('#br', '#br', '#br') 0.0117387828325
('daqu', 'pouc', 'dung') 0.00457266540569
('ronald', 'gauch', 'gans') 0.00457266540569
('pouc', 'dung', 'coloc') 0.00456291558606
('coloc', 'ronald', 'gauch') 0.00455316576643
('dung', 'coloc', 'ronald') 0.0045434159468
('calm', 'gent', 'daqu') 0.00453366612718
('gans', 'gent', 'vir') 0.00453366612718
('gent', 'daqu', 'pouc') 0.00453366612718
('gent', 'vir', 'ai') 0.00453366612718
('gauch', 'gans', 'gent') 0.00452391630755
('vir', 'ai', '#cop') 0.00426067117758
('@kibeloco', 'calm', 'gent') 0.00412417370279
('@sabrinasatoreal', '@kibeloco', 'calm') 0.00230095743229
('minut', 'vai', '#br') 0.00119922781429
('tens', 'minut', 'vai') 0.00117972817503
('14', 'min', '14') 0.00116022853577
('14', 'tens', 'minut') 0.00116022853577
('@federicodevito', '14', 'min') 0.00116022853577
('min', '14', 'tens') 0.00116022853577
('felip', 'mell', 'nao') 0.000857984127294
('pass', 'fer', 'brasil') 0.000809235029152
('dev', 'pass', 'fer') 0.000799485209524
('mell', 'nao', 'dev') 0.000799485209524
('nao', 'dev', 'pass') 0.000799485209524
('@claroronaldo', 'felip', 'mell') 0.000770235750639
('felip', 'mel', 'nao') 0.00070198701324
('volt', 'pra', 'cas') 0.000604488816957
('parabem', 'felip', 'mel') 0.000575239358072
('as', 'expect', 'tod') 0.000545989899187
('correspond', 'as', 'expect') 0.000545989899187
('decepcion', 'correspond', 'as') 0.000545989899187
('expect', 'tod', 'brasil') 0.000545989899187
('mel', 'nao', 'decepcion') 0.000545989899187
('nao', 'decepcion', 'correspond') 0.000545989899187
('mick', 'jagg', 'torc') 0.000458241522532
('brasil', 'ta', 'perd') 0.000438741883275
('vam', 'brasil', 'vam') 0.000428992063647
('#br', 'vam', '#br') 0.000419242244018
('torc', 'pro', 'brasil') 0.000419242244018
('@microcontoscos', 'parabem', 'felip') 0.000399742604762
('vam', '#br', 'vam') 0.000399742604762
('#ned', '2', '1') 0.000389992785133
('#br', '@sabrinasatoreal', '@kibeloco') 0.000380242965505
('http', 'bit', 'ly') 0.000370493145877
('#cop', '@sabrinasatoreal', '@kibeloco') 0.000360743326248
('agor', 'so', 'rest') 0.000360743326248
('ai', '#cop', '@sabrinasatoreal') 0.000360743326248
('brasil', 'vai', 'perd') 0.000360743326248
('vam', 'la', '#br') 0.000360743326248

Intervalo 20
('#br', '#br', '#br') 0.0212591206021
('daqu', 'pouc', 'dung') 0.0014039041907
('pouc', 'dung', 'coloc') 0.0014039041907
('felip', 'mell', 'nao') 0.00139435382206
('dung', 'coloc', 'ronald') 0.00138480345341
('mell', 'nao', 'dev') 0.00138480345341
('nao', 'dev', 'pass') 0.00138480345341
('ronald', 'gauch', 'gans') 0.00138480345341
('coloc', 'ronald', 'gauch') 0.00137525308477
('dev', 'pass', 'fer') 0.00137525308477
('gans', 'gent', 'vir') 0.00137525308477
('gauch', 'gans', 'gent') 0.00137525308477
('gent', 'daqu', 'pouc') 0.00137525308477
('pass', 'fer', 'brasil') 0.00137525308477
('calm', 'gent', 'daqu') 0.00135615234748
('gent', 'vir', 'ai') 0.00135615234748
('@claroronaldo', 'felip', 'mell') 0.00132750124155
('vir', 'ai', '#cop') 0.00128929976697
('@kibeloco', 'calm', 'gent') 0.00122244718646
('brasil', 'ta', 'perd') 0.000735378385606
('@sabrinasatoreal', '@kibeloco', 'calm') 0.000544371012721
('#ned', '#ned', '#ned') 0.0004966191695
('vai', 'vai', 'vai') 0.000477518432211
('volt', 'pra', 'cas') 0.000467968063567
('dung', 'felip', 'mel') 0.000448867326279
('mick', 'jagg', 'torc') 0.000410665851702
('brasil', 'vai', 'perd') 0.000401115483058
('#ned', '2', '1') 0.000391565114413
('http', 'bit', 'ly') 0.000391565114413
('vam', 'vam', 'vam') 0.000391565114413
('2', '1', '#br') 0.000382014745769
('culp', 'nao', 'e') 0.000362914008481
('pi', 'nao', 'e') 0.000362914008481
('brasil', 'faz', 'gol') 0.000343813271192
('brasil', 'brasil', 'brasil') 0.000334262902548
('holand', 'est', 'ganh') 0.000334262902548
('torc', 'pro', 'brasil') 0.000334262902548
('#br', 'vai', '#br') 0.000324712533904
('vai', '#br', 'vai') 0.000324712533904
('brasil', 'nao', 'ganh') 0.00031516216526
('brasil', 'vai', 'brasil') 0.00031516216526
('e', 'holand', 'est') 0.00031516216526
('est', 'ganh', 'no') 0.00031516216526
('ganh', 'no', 'perd') 0.00031516216526
('nao', 'e', 'holand') 0.00031516216526
('no', 'perd', 'so') 0.00031516216526
('@roxmo', 'pi', 'nao') 0.000305611796615
('@caiquenogueira', 'brasil', 'ta') 0.000296061427971
('culp', 'e', 'dung') 0.000286511059327
('mick', 'jagg', 'ta') 0.000286511059327

Intervalo 21
('#br', '#br', '#br') 0.0139458983241
('convoc', 'felip', 'mel') 0.00141160923453
('1', 'gol', 'contr') 0.00139158640851
('gol', 'contr', '1') 0.00139158640851
('1', 'expuls', 'varze') 0.00138157499549
('agoooooo', 'sim', 'palm') 0.00138157499549
('beliss', 'convoc', 'felip') 0.00138157499549
('contr', '1', 'expuls') 0.00138157499549
('dung', 'beliss', 'convoc') 0.00138157499549
('expuls', 'varze', 'clap') 0.00138157499549
('felip', 'mel', '1') 0.00138157499549
('mel', '1', 'gol') 0.00138157499549
('palm', 'dung', 'beliss') 0.00138157499549
('sim', 'palm', 'dung') 0.00138157499549
('varze', 'clap', 'clap') 0.00137156358248
('@naosalvo', 'agoooooo', 'sim') 0.00135154075646
('vai', 'vai', 'vai') 0.00107122119216
('volt', 'pra', 'cas') 0.000870992931942
('#br', 'vai', '#br') 0.000640730432693
('vai', '#br', 'vai') 0.000640730432693
('#arg', 'ganh', 'cop') 0.000550627715596
('nao', 'e', 'so') 0.000550627715596
('problem', 'nao', 'e') 0.000530604889574
('e', 'so', '#br') 0.000520593476563
('perd', 'problem', 'e') 0.000520593476563
('problem', 'e', '#arg') 0.000520593476563
('#br', 'perd', 'problem') 0.000510582063552
('e', '#arg', 'ganh') 0.000510582063552
('so', '#br', 'perd') 0.000510582063552
('vam', 'vam', 'vam') 0.000510582063552
('@realinsane', 'problem', 'nao') 0.000500570650542
('cas', 'agor', 'vou') 0.000500570650542
('pra', 'cas', 'agor') 0.000470536411509
('vou', 'pra', 'cas') 0.000470536411509
('vou', 'vou', 'pra') 0.000470536411509
('burr', 'convoc', 'lady') 0.000440502172477
('convoc', 'lady', 'gag') 0.000440502172477
('dung', 'burr', 'convoc') 0.000440502172477
('dung', 'felip', 'mel') 0.000440502172477
('gag', 'brasil', 'est') 0.000440502172477
('lady', 'gag', 'brasil') 0.000440502172477
('brasil', 'est', 'gaganh') 0.000430490759466
('est', 'gaganh', 'bat') 0.000430490759466
('gaganh', 'bat', 'bol') 0.000430490759466
('torc', 'pro', 'brasil') 0.000420479346455
('coloc', 'ronald', 'gauch') 0.000410467933444
('@ladygaga_ilheus', 'dung', 'burr') 0.000390445107422
('dung', 'vou', 'vou') 0.000390445107422
('ronald', 'gauch', 'gans') 0.000390445107422
('dung', 'coloc', 'ronald') 0.000380433694412

Intervalo 22
('#br', '#br', '#br') 0.00168081556094
('dung', 'felip', 'mel') 0.00101092530115
('vai', 'tom', 'cu') 0.000742969197228
('dung', 'filh', 'put') 0.000633350791079
('volt', 'pra', 'cas') 0.000608991145269
('lo', 'pued', 'cre') 0.000572451676553
('#ned', '2', '1') 0.000560271853647
('2', '1', '#br') 0.000560271853647
('azul', 'brasil', 'vai') 0.000523732384931
('brasil', 'vai', 'vend') 0.000523732384931
('camis', 'azul', 'brasil') 0.000523732384931
('nao', 'dess', 'vez') 0.000523732384931
('vai', 'vend', 'agu') 0.000523732384931
('vend', 'agu', 'argentin') 0.000511552562026
('@kibeloco', 'camis', 'azul') 0.00049937273912
('agu', 'argentin', '#cop') 0.00049937273912
('daqu', '4', 'ano') 0.00049937273912
('#g', '#g', '#g') 0.000487192916215
('dung', 'vc', 'e') 0.00047501309331
('parabem', 'dung', 'vc') 0.00047501309331
('menos', 'acab', 'dung') 0.000462833270404
('vc', 'e', 'burr') 0.000462833270404
('felip', 'mel', 'dung') 0.000438473624593
('lad', 'posi', 'menos') 0.000438473624593
('posi', 'menos', 'acab') 0.000438473624593
('vej', 'lad', 'posi') 0.000438473624593
('@pedroneschling', 'vej', 'lad') 0.000426293801688
('agor', 'e', 'torc') 0.000426293801688
('e', 'burr', '#or') 0.000426293801688
('@nossasenhorita', 'parabem', 'dung') 0.000414113978783
('bye', 'bye', '#br') 0.000414113978783
('convoc', 'felip', 'mel') 0.000401934155877
('felip', 'mel', '1') 0.000365394687161
('1', 'gol', 'contr') 0.000353214864256
('contr', '1', 'expuls') 0.000353214864256
('gol', 'contr', '1') 0.000353214864256
('1', 'expuls', 'varze') 0.00034103504135
('@naosalvo', 'agoooooo', 'sim') 0.00034103504135
('agoooooo', 'sim', 'palm') 0.00034103504135
('beliss', 'convoc', 'felip') 0.00034103504135
('dung', 'beliss', 'convoc') 0.00034103504135
('expuls', 'varze', 'clap') 0.00034103504135
('mel', '1', 'gol') 0.00034103504135
('palm', 'dung', 'beliss') 0.00034103504135
('sim', 'palm', 'dung') 0.00034103504135
('varze', 'clap', 'clap') 0.00034103504135
('volt', 'pro', 'brasil') 0.00034103504135
('vou', 'vou', 'pra') 0.00034103504135
('cas', 'agor', 'vou') 0.000328855218445
('pra', 'cas', 'agor') 0.000328855218445

Intervalo 23
('#br', '#br', '#br') 0.00121314853591
('dung', 'felip', 'mel') 0.00114667464353
('agor', 'e', 'torc') 0.000614883504504
('daqu', '4', 'ano') 0.000548409612125
('felip', 'mel', 'dung') 0.000498554192841
('nao', 'dess', 'vez') 0.000498554192841
('e', 'felip', 'mel') 0.000465317246651
('volt', 'pra', 'cas') 0.000448698773557
('#arg', '#arg', '#arg') 0.000432080300462
('dung', 'filh', 'put') 0.000415461827367
('vai', 'tom', 'cu') 0.000365606408083
('#gh', '#gh', '#gh') 0.000348987934989
('agor', 'tod', 'mund') 0.000348987934989
('culp', 'mick', 'jagg') 0.000332369461894
('e', 'torc', 'pra') 0.000332369461894
('felip', 'mel', 'e') 0.000315750988799
('torc', 'pra', 'holand') 0.000315750988799
('torc', 'pro', 'brasil') 0.000315750988799
('agor', 'vou', 'torc') 0.000299132515704
('volt', 'pro', 'brasil') 0.000299132515704
('acab', 'qualqu', 'equip') 0.00028251404261
('dia', 'folg', 'grac') 0.00028251404261
('dia', 'voc', 'perd') 0.00028251404261
('e', 'so', 'jog') 0.00028251404261
('emoc', 'acab', 'qualqu') 0.00028251404261
('falt', 'intelig', 'emoc') 0.00028251404261
('felip', 'mel', '#or') 0.00028251404261
('folg', 'grac', 'dung') 0.00028251404261
('grac', 'dung', 'felip') 0.00028251404261
('intelig', 'emoc', 'acab') 0.00028251404261
('ma', 'sort', 'dia') 0.00028251404261
('perd', 'vari', 'dia') 0.00028251404261
('prov', 'falt', 'intelig') 0.00028251404261
('sort', 'dia', 'voc') 0.00028251404261
('vari', 'dia', 'folg') 0.00028251404261
('voc', 'perd', 'vari') 0.00028251404261
('@nossasenhorita', 'ma', 'sort') 0.000265895569515
('camis', 'azul', 'brasil') 0.000265895569515
('e', 'mick', 'jagg') 0.000265895569515
('equip', 'alt', 'performanc') 0.000265895569515
('felip', 'mel', 'nao') 0.000265895569515
('qualqu', 'equip', 'alt') 0.000265895569515
('vej', 'lad', 'posi') 0.000265895569515
('#br', 'prov', 'falt') 0.00024927709642
('azul', 'brasil', 'vai') 0.00024927709642
('brasil', 'vai', 'vend') 0.00024927709642
('lad', 'posi', 'menos') 0.00024927709642
('lo', 'pued', 'cre') 0.00024927709642
('selec', '#br', 'prov') 0.00024927709642
('vai', 'vend', 'agu') 0.00024927709642

Intervalo 24
('#arg', 'agr', 'gaaanh') 0.0054347826087
('#br', '#hex', 'agor') 0.0054347826087
('#br', '#pelelatenesadentr', 'pooo') 0.0054347826087
('#br', '#twitpict', 'http') 0.0054347826087
('#br', 'acab', 'ser') 0.0054347826087
('#br', 'chau', 'chau') 0.0054347826087
('#br', 'cop', '@serg_rdr') 0.0054347826087
('#br', 'culp', 'mick') 0.0054347826087
('#br', 'dung', 'nao') 0.0054347826087
('#br', 'perd', 'tim') 0.0054347826087
('#br', 'trist', 'crianc') 0.0054347826087
('#eng', 'pq', 'cop') 0.0054347826087
('#hex', 'agor', 'so') 0.0054347826087
('#pelelatenesadentr', 'pooo', 'torc') 0.0054347826087
('#twitpict', 'http', 'twitpic') 0.0054347826087
('2014', '#br', 'chau') 0.0054347826087
('2014', '#eng', 'pq') 0.0054347826087
('21snkl', '@leorosa', '@brogui') 0.0054347826087
('@antoniopizzonia', 'e', 'brasil') 0.0054347826087
('@brogui', 'brun', 'gol') 0.0054347826087
('@fileups', 'ta', 'tens') 0.0054347826087
('@hugogloss', 'brasil', 'diz') 0.0054347826087
('@leorosa', '@brogui', 'brun') 0.0054347826087
('@mtonus', 'so', 'sint') 0.0054347826087
('@pinagaby', 'obrig', '#br') 0.0054347826087
('@serg_rdr', 'chau', '#br') 0.0054347826087
('abenco', 'homen', 'outr') 0.0054347826087
('abr', 'su', 'puert') 0.0054347826087
('acab', 'ser', 'elimin') 0.0054347826087
('acontec', 'jog', 'bonit') 0.0054347826087
('agor', 'so', '2014') 0.0054347826087
('agr', 'gaaanh', 'chinel') 0.0054347826087
('argentin', 'abr', 'su') 0.0054347826087
('arras', 'infeliz', 'brasil') 0.0054347826087
('ate', '2014', '#br') 0.0054347826087
('bem', 'particip', '#br') 0.0054347826087
('bonit', 'brasil', 'cas') 0.0054347826087
('brasil', '@antoniopizzonia', 'e') 0.0054347826087
('brasil', 'arras', 'infeliz') 0.0054347826087
('brasil', 'cas', 'yooooohooo') 0.0054347826087
('brasil', 'cham', 'renat') 0.0054347826087
('brasil', 'diz', 'deu') 0.0054347826087
('brasil', 'fif', 'escolh') 0.0054347826087
('brasil', 'jog', 'nao') 0.0054347826087
('brasil', 'nao', 'deu') 0.0054347826087
('brasil', 'ness', 'moment') 0.0054347826087
('brasil', 'obrig', 'holand') 0.0054347826087
('brasil', 'porrrra', 'ate') 0.0054347826087
('brasil', 'q', '#br') 0.0054347826087
('brasil', 'tchau', 'tchau') 0.0054347826087

