Intervalo 0
hex -> 0.010003226847370119
ness -> 0.010003226847370119
eh -> 0.010003226847370119
@ivetesangalo -> 0.01016456921587609
pe -> 0.01016456921587609
vend -> 0.010325911584382058
porr -> 0.010325911584382058
ly -> 0.010325911584382058
s -> 0.010487253952888029
entr -> 0.010648596321393998
pod -> 0.010809938689899969
melhor -> 0.010809938689899969
p -> 0.010809938689899969
felip -> 0.010971281058405937
0 -> 0.010971281058405937
boa -> 0.010971281058405937
contr -> 0.010971281058405937
lt -> 0.011293965795417877
#hol -> 0.011293965795417877
sil -> 0.011293965795417877
quent -> 0.011455308163923846
sao -> 0.011455308163923846
esper -> 0.011455308163923846
vc -> 0.011616650532429816
bor -> 0.011616650532429816
#torcidaivet -> 0.011777992900935785
mel -> 0.011777992900935785
3 -> 0.011777992900935785
tud -> 0.011777992900935785
#brasil -> 0.011939335269441756
bande -> 0.012100677637947725
migr -> 0.012423362374959664
fic -> 0.012423362374959664
#cop -> 0.012584704743465635
cas -> 0.012584704743465635
bem -> 0.012584704743465635
voc -> 0.012746047111971604
tim -> 0.012907389480477573
prim -> 0.013068731848983543
buen -> 0.013068731848983543
final -> 0.013068731848983543
amarel -> 0.013068731848983543
volt -> 0.013230074217489512
acord -> 0.013552758954501452
hor -> 0.013714101323007422
bol -> 0.013714101323007422
faz -> 0.01419812842852533
laranj -> 0.01452081316553727
2 -> 0.01484349790254921
1 -> 0.01565020974507906

Intervalo 1
dar -> 0.010101010101010102
futebol -> 0.010101010101010102
ness -> 0.010101010101010102
bonit -> 0.010295260295260296
sao -> 0.010295260295260296
assim -> 0.01048951048951049
sab -> 0.01048951048951049
sil -> 0.01048951048951049
pq -> 0.01048951048951049
kak -> 0.010683760683760684
junt -> 0.010878010878010878
3 -> 0.011072261072261072
car -> 0.011072261072261072
acord -> 0.011072261072261072
melhor -> 0.011266511266511266
tao -> 0.01146076146076146
0 -> 0.01146076146076146
2 -> 0.01146076146076146
volt -> 0.011655011655011656
buen -> 0.011655011655011656
voc -> 0.011655011655011656
alguem -> 0.011655011655011656
dess -> 0.01184926184926185
p -> 0.01184926184926185
lo -> 0.012237762237762238
amarel -> 0.012237762237762238
bit -> 0.012432012432012432
y -> 0.01282051282051282
pod -> 0.01282051282051282
#brasil -> 0.01320901320901321
ly -> 0.01320901320901321
cas -> 0.013403263403263404
#cop -> 0.013403263403263404
tim -> 0.013986013986013986
olh -> 0.013986013986013986
mel -> 0.013986013986013986
2x1 -> 0.01418026418026418
juiz -> 0.01418026418026418
1 -> 0.014374514374514374
s -> 0.014568764568764568
prim -> 0.014763014763014764
felip -> 0.014763014763014764
cop -> 0.015151515151515152
camp -> 0.015151515151515152
vend -> 0.01554001554001554
vs -> 0.015928515928515928
aqu -> 0.016122766122766124
dung -> 0.016122766122766124
anul -> 0.016511266511266512
bol -> 0.016511266511266512

Intervalo 2
deu -> 0.010008703220191472
goal -> 0.010153756890049319
minut -> 0.010298810559907166
#brasil -> 0.010298810559907166
lo -> 0.010733971569480708
camis -> 0.010733971569480708
perd -> 0.010733971569480708
sort -> 0.010879025239338555
part -> 0.011459239918769945
y -> 0.011459239918769945
pod -> 0.011459239918769945
tom -> 0.011604293588627792
car -> 0.01174934725848564
melhor -> 0.012039454598201334
fez -> 0.012184508268059183
bol -> 0.01232956193791703
fal -> 0.012474615607774877
3 -> 0.012619669277632724
2 -> 0.012619669277632724
dia -> 0.012619669277632724
assist -> 0.012764722947490571
selec -> 0.012764722947490571
mund -> 0.012909776617348418
gent -> 0.013054830287206266
grit -> 0.013054830287206266
porr -> 0.013199883957064115
vou -> 0.013489991296779809
contr -> 0.013780098636495503
el -> 0.014070205976211198
cop -> 0.01450536698578474
bem -> 0.01450536698578474
imped -> 0.014795474325500435
hoj -> 0.014940527995358282
aqu -> 0.014940527995358282
pass -> 0.01610095735422106
quer -> 0.01624601102407891
bom -> 0.01624601102407891
@fifacom -> 0.016971279373368148
ai -> 0.016971279373368148
laranj -> 0.017116333043225993
a9kvrq -> 0.017406440382941687
tis -> 0.017551494052799536
ver -> 0.01900203075137801
ach -> 0.01900203075137801
d -> 0.019727299100667246
est -> 0.019727299100667246
comec -> 0.019727299100667246
prim -> 0.019872352770525094
tod -> 0.020887728459530026
la -> 0.02132288946910357

Intervalo 3
final -> 0.010099281068127354
sc -> 0.010099281068127354
cas -> 0.010270455323519343
lo -> 0.010270455323519343
frent -> 0.010270455323519343
gost -> 0.010441629578911331
olh -> 0.010441629578911331
tao -> 0.010441629578911331
nad -> 0.010441629578911331
y -> 0.010612803834303321
mand -> 0.010612803834303321
falt -> 0.01078397808969531
p -> 0.01078397808969531
#brasil -> 0.010955152345087298
futebol -> 0.010955152345087298
vend -> 0.010955152345087298
dar -> 0.011126326600479288
juiz -> 0.011126326600479288
cu -> 0.011297500855871277
s -> 0.011468675111263265
sort -> 0.011639849366655255
camis -> 0.011982197877439232
holandes -> 0.011982197877439232
tim -> 0.012153372132831223
2 -> 0.012324546388223211
aind -> 0.0124957206436152
grit -> 0.012838069154399178
ate -> 0.012838069154399178
assim -> 0.013009243409791168
pass -> 0.013180417665183157
melhor -> 0.013351591920575145
azul -> 0.013351591920575145
contr -> 0.013522766175967135
prim -> 0.013693940431359124
mel -> 0.013693940431359124
gent -> 0.01420746319753509
laranj -> 0.01437863745292708
bol -> 0.01437863745292708
part -> 0.01454981170831907
comec -> 0.01454981170831907
el -> 0.014892160219103046
aqu -> 0.015234508729887025
bem -> 0.015405682985279013
1x0 -> 0.015576857240671003
felip -> 0.015748031496062992
pod -> 0.01591920575145498
hoj -> 0.01643272851763095
10 -> 0.016775077028414926
selec -> 0.016946251283806914
acord -> 0.017117425539198903

Intervalo 4
luc -> 0.010057471264367816
tir -> 0.010057471264367816
pres -> 0.010057471264367816
acert -> 0.010237068965517241
gan -> 0.010237068965517241
sang -> 0.010237068965517241
juiz -> 0.010237068965517241
luci -> 0.010237068965517241
lev -> 0.010416666666666666
twitt -> 0.010416666666666666
menos -> 0.010955459770114943
fod -> 0.010955459770114943
porr -> 0.010955459770114943
tim -> 0.010955459770114943
@microcontoscos -> 0.011135057471264368
lo -> 0.011135057471264368
vc -> 0.011135057471264368
cas -> 0.011135057471264368
corr -> 0.011314655172413793
uniform -> 0.011673850574712643
voc -> 0.011673850574712643
tap -> 0.011853448275862068
sab -> 0.011853448275862068
esper -> 0.011853448275862068
ate -> 0.011853448275862068
prim -> 0.012033045977011493
acab -> 0.012751436781609195
1x0 -> 0.012751436781609195
ne -> 0.012751436781609195
gost -> 0.01293103448275862
cal -> 0.01293103448275862
de -> 0.013110632183908046
sort -> 0.013110632183908046
dar -> 0.013110632183908046
part -> 0.013110632183908046
tao -> 0.01329022988505747
ter -> 0.013469827586206896
bol -> 0.013469827586206896
contr -> 0.013649425287356323
p -> 0.013829022988505748
y -> 0.013829022988505748
acord -> 0.014008620689655173
boc -> 0.014008620689655173
deu -> 0.014188218390804598
estadi -> 0.014367816091954023
pens -> 0.014547413793103448
tis -> 0.014906609195402298
s -> 0.01526580459770115
azul -> 0.01526580459770115
aind -> 0.016163793103448277

Intervalo 5
quas -> 0.010007849293563579
fez -> 0.010007849293563579
hor -> 0.010007849293563579
tao -> 0.01020408163265306
eh -> 0.01020408163265306
twitt -> 0.01020408163265306
nad -> 0.010400313971742544
porqu -> 0.010400313971742544
tis -> 0.010596546310832025
el -> 0.010596546310832025
filh -> 0.010792778649921507
p -> 0.010792778649921507
sab -> 0.01098901098901099
azul -> 0.011185243328100471
cas -> 0.011381475667189953
vez -> 0.011381475667189953
ne -> 0.011381475667189953
ter -> 0.011381475667189953
dev -> 0.011577708006279434
deu -> 0.011773940345368918
sao -> 0.011773940345368918
gan -> 0.011970172684458399
cad -> 0.01216640502354788
sort -> 0.01216640502354788
voz -> 0.01216640502354788
tom -> 0.01216640502354788
assim -> 0.012362637362637362
y -> 0.012362637362637362
bol -> 0.012362637362637362
camiset -> 0.012558869701726845
lev -> 0.012755102040816327
part -> 0.012755102040816327
lo -> 0.012951334379905808
falt -> 0.013540031397174255
car -> 0.013540031397174255
final -> 0.013736263736263736
aind -> 0.0141287284144427
voc -> 0.014717425431711145
contr -> 0.014717425431711145
acord -> 0.014913657770800628
s -> 0.01510989010989011
outr -> 0.01510989010989011
kak -> 0.015306122448979591
galva -> 0.015502354788069073
vend -> 0.015698587127158554
vou -> 0.01609105180533752
melhor -> 0.016287284144427
fal -> 0.016483516483516484
@ivetesangalo -> 0.016679748822605967
pq -> 0.016679748822605967

Intervalo 6
tao -> 0.010009624639076035
1x0 -> 0.010009624639076035
gan -> 0.010009624639076035
grit -> 0.010202117420596728
acord -> 0.01039461020211742
camp -> 0.01039461020211742
cad -> 0.010587102983638113
vc -> 0.010587102983638113
vi -> 0.010587102983638113
#arg -> 0.010587102983638113
sab -> 0.010587102983638113
buen -> 0.010587102983638113
#hol -> 0.010587102983638113
#brasil -> 0.010779595765158807
p -> 0.0109720885466795
dand -> 0.011164581328200193
segund -> 0.011164581328200193
hj -> 0.011164581328200193
show -> 0.011357074109720885
falt -> 0.011549566891241578
bit -> 0.011549566891241578
pass -> 0.011934552454282965
assim -> 0.011934552454282965
laranj -> 0.011934552454282965
dess -> 0.012127045235803657
nad -> 0.012127045235803657
da -> 0.01231953801732435
ne -> 0.01231953801732435
@realkaka -> 0.012512030798845043
olh -> 0.012512030798845043
ter -> 0.012704523580365737
es -> 0.01289701636188643
temp -> 0.01289701636188643
aind -> 0.01289701636188643
s -> 0.01289701636188643
vend -> 0.013089509143407122
ly -> 0.013089509143407122
dar -> 0.013282001924927815
lo -> 0.013282001924927815
cas -> 0.013474494706448507
uniform -> 0.013474494706448507
juiz -> 0.013666987487969202
parec -> 0.013666987487969202
outr -> 0.013859480269489894
tis -> 0.013859480269489894
jagg -> 0.013859480269489894
tt -> 0.013859480269489894
voc -> 0.014051973051010587
mick -> 0.014051973051010587
y -> 0.014051973051010587

Intervalo 7
cap -> 0.010118632240055827
@vidadegayroto -> 0.010118632240055827
sab -> 0.010118632240055827
fif -> 0.010118632240055827
seleca -> 0.010118632240055827
vermelh -> 0.010293091416608514
sakur -> 0.010293091416608514
dev -> 0.010293091416608514
vc -> 0.010293091416608514
uniform -> 0.010293091416608514
tant -> 0.010293091416608514
porr -> 0.0104675505931612
vend -> 0.010642009769713887
banc -> 0.010642009769713887
#arg -> 0.010642009769713887
ly -> 0.010642009769713887
assim -> 0.010816468946266573
twitt -> 0.010816468946266573
lev -> 0.01099092812281926
galva -> 0.01099092812281926
pass -> 0.01099092812281926
@tweetcomedia -> 0.01099092812281926
laranj -> 0.011165387299371946
futebol -> 0.011165387299371946
lo -> 0.011165387299371946
voc -> 0.011165387299371946
camp -> 0.011339846475924634
outr -> 0.011339846475924634
tud -> 0.011514305652477321
prox -> 0.011688764829030007
p -> 0.011688764829030007
aind -> 0.011688764829030007
s -> 0.011688764829030007
pq -> 0.011863224005582694
holandes -> 0.011863224005582694
voz -> 0.011863224005582694
nad -> 0.011863224005582694
tom -> 0.01203768318213538
ne -> 0.01203768318213538
gost -> 0.012212142358688068
dar -> 0.012386601535240753
robben -> 0.012386601535240753
nunc -> 0.01256106071179344
hoj -> 0.012735519888346127
da -> 0.012735519888346127
cas -> 0.012909979064898814
parec -> 0.012909979064898814
el -> 0.012909979064898814
go -> 0.013433356594556873
sao -> 0.013433356594556873

Intervalo 8
grit -> 0.010141313383208644
tant -> 0.010141313383208644
demal -> 0.010141313383208644
pass -> 0.01030756442227764
da -> 0.01030756442227764
tom -> 0.010473815461346634
hor -> 0.010473815461346634
segund -> 0.010640066500415627
futebol -> 0.010640066500415627
acab -> 0.010640066500415627
porr -> 0.010806317539484621
@kaka_badboy -> 0.010972568578553617
angul -> 0.010972568578553617
precis -> 0.010972568578553617
cas -> 0.010972568578553617
maldad -> 0.01113881961762261
ato -> 0.01113881961762261
pq -> 0.01113881961762261
extr -> 0.011305070656691604
rob -> 0.011305070656691604
el -> 0.011305070656691604
outr -> 0.011305070656691604
#kakabadboy -> 0.011471321695760598
sort -> 0.011471321695760598
aren -> 0.011637572734829594
pul -> 0.011803823773898587
bonit -> 0.011803823773898587
dia -> 0.011803823773898587
fan -> 0.011803823773898587
fest -> 0.011803823773898587
zang -> 0.011803823773898587
dand -> 0.011970074812967581
temp -> 0.011970074812967581
lo -> 0.011970074812967581
dess -> 0.012136325852036575
#pigarr -> 0.012136325852036575
deu -> 0.012136325852036575
tecn -> 0.012302576891105569
gost -> 0.012302576891105569
rra -> 0.012302576891105569
camp -> 0.012468827930174564
nagl -> 0.012468827930174564
led -> 0.012468827930174564
holandes -> 0.012635078969243558
@kibeloco -> 0.012801330008312552
migr -> 0.012801330008312552
sab -> 0.012801330008312552
chut -> 0.012967581047381545
dar -> 0.012967581047381545
@ivetesangalo -> 0.012967581047381545

Intervalo 9
porqu -> 0.010101010101010102
bonit -> 0.010101010101010102
defes -> 0.010101010101010102
dand -> 0.010101010101010102
amarr -> 0.010245310245310245
porr -> 0.010245310245310245
#vaibrasil -> 0.01038961038961039
demal -> 0.01038961038961039
@cleycianne -> 0.010533910533910534
pec -> 0.010533910533910534
#copasolid -> 0.010533910533910534
esper -> 0.010533910533910534
s -> 0.010822510822510822
#torcidaivet -> 0.010822510822510822
outr -> 0.010822510822510822
dess -> 0.010966810966810967
nad -> 0.011111111111111112
camis -> 0.011111111111111112
fod -> 0.011255411255411256
tom -> 0.011255411255411256
aqu -> 0.011688311688311689
jesu -> 0.011832611832611833
grit -> 0.011832611832611833
dar -> 0.011976911976911976
el -> 0.01240981240981241
assist -> 0.012554112554112554
@ivetesangalo -> 0.012554112554112554
vc -> 0.012698412698412698
tud -> 0.012698412698412698
y -> 0.012842712842712843
pais -> 0.012987012987012988
robben -> 0.013131313131313131
continu -> 0.013131313131313131
@kaka_badboy -> 0.013275613275613276
car -> 0.013275613275613276
roub -> 0.01341991341991342
go -> 0.01341991341991342
sab -> 0.01341991341991342
#kakabadboy -> 0.013708513708513708
futebol -> 0.013852813852813853
part -> 0.013852813852813853
tao -> 0.013852813852813853
pass -> 0.013852813852813853
aind -> 0.013997113997113998
migr -> 0.013997113997113998
deu -> 0.013997113997113998
entr -> 0.014141414141414142
ne -> 0.014285714285714285
mand -> 0.01443001443001443
parec -> 0.01471861471861472

Intervalo 10
mick -> 0.010048333757313661
boa -> 0.010048333757313661
y -> 0.010048333757313661
porqu -> 0.010048333757313661
jagg -> 0.010175527855507505
tt -> 0.010175527855507505
lev -> 0.010175527855507505
cal -> 0.010302721953701348
pq -> 0.010302721953701348
mel -> 0.010302721953701348
roub -> 0.010684304248282879
hor -> 0.010811498346476723
ne -> 0.010811498346476723
vend -> 0.010938692444670568
menos -> 0.010938692444670568
@kaka_badboy -> 0.010938692444670568
interval -> 0.011065886542864412
acab -> 0.011065886542864412
porr -> 0.011065886542864412
#kakabadboy -> 0.011065886542864412
coraca -> 0.011193080641058254
dess -> 0.011320274739252099
dev -> 0.011320274739252099
bit -> 0.011447468837445943
el -> 0.011447468837445943
c -> 0.011447468837445943
@kibeloco -> 0.011447468837445943
s -> 0.011447468837445943
felip -> 0.011574662935639786
defes -> 0.01170185703383363
tom -> 0.01170185703383363
grand -> 0.011829051132027474
cim -> 0.011829051132027474
coloc -> 0.011956245230221318
demal -> 0.012083439328415161
vez -> 0.012083439328415161
boc -> 0.012210633426609005
tis -> 0.01233782752480285
dand -> 0.01233782752480285
outr -> 0.01271940981938438
narr -> 0.01271940981938438
dar -> 0.01271940981938438
ly -> 0.012973798015772068
pi -> 0.013100992113965912
da -> 0.013100992113965912
entr -> 0.013228186212159756
gan -> 0.013355380310353599
go -> 0.013355380310353599
robben -> 0.013482574408547443
vc -> 0.013482574408547443

Intervalo 11
fez -> 0.010169006015468347
menos -> 0.010169006015468347
hahah -> 0.010169006015468347
nad -> 0.01031223145230593
2o -> 0.01031223145230593
sempr -> 0.01031223145230593
#brasil -> 0.010455456889143512
sao -> 0.010455456889143512
chut -> 0.010455456889143512
lo -> 0.010455456889143512
aparec -> 0.010741907762818676
olh -> 0.010741907762818676
dand -> 0.010741907762818676
coloc -> 0.010885133199656259
entr -> 0.010885133199656259
dess -> 0.010885133199656259
deix -> 0.01102835863649384
acord -> 0.01102835863649384
marc -> 0.01102835863649384
c -> 0.011171584073331424
hj -> 0.011171584073331424
fif -> 0.011171584073331424
tt -> 0.011314809510169006
camp -> 0.011458034947006588
n -> 0.01160126038384417
bonit -> 0.01160126038384417
#arg -> 0.011744485820681752
ne -> 0.011744485820681752
tao -> 0.011887711257519336
parec -> 0.011887711257519336
lind -> 0.011887711257519336
el -> 0.011887711257519336
mat -> 0.011887711257519336
deu -> 0.012030936694356918
mand -> 0.012030936694356918
cois -> 0.0121741621311945
vez -> 0.012317387568032082
bande -> 0.012460613004869664
3 -> 0.012460613004869664
porqu -> 0.012460613004869664
dar -> 0.012603838441707248
dev -> 0.01274706387854483
pq -> 0.01274706387854483
@ivetesangalo -> 0.013176740189057576
#torcidaivet -> 0.013176740189057576
tom -> 0.013319965625895158
robben -> 0.013319965625895158
part -> 0.013319965625895158
comec -> 0.013319965625895158
buen -> 0.013319965625895158

Intervalo 12
y -> 0.010082097076191848
boa -> 0.010082097076191848
sort -> 0.010082097076191848
pq -> 0.010082097076191848
coraca -> 0.01022612703442316
galva -> 0.010370156992654473
acab -> 0.010370156992654473
car -> 0.010370156992654473
lind -> 0.010514186950885785
yn -> 0.010514186950885785
felip -> 0.010802246867348408
ly -> 0.01094627682557972
s -> 0.01094627682557972
clar -> 0.011090306783811033
gan -> 0.011234336742042345
sab -> 0.011234336742042345
vc -> 0.011234336742042345
twitt -> 0.011378366700273658
da -> 0.011378366700273658
dar -> 0.01166642661673628
deu -> 0.011810456574967593
3 -> 0.012098516491430218
doi -> 0.012098516491430218
continu -> 0.01224254644966153
buen -> 0.012386576407892841
cas -> 0.012530606366124153
hor -> 0.012674636324355466
tom -> 0.012818666282586778
tiemp -> 0.013106726199049403
substitu -> 0.013106726199049403
boc -> 0.013250756157280715
jagg -> 0.013394786115512026
p -> 0.013538816073743338
falt -> 0.01368284603197465
junt -> 0.01368284603197465
fal -> 0.01368284603197465
camis -> 0.01368284603197465
precis -> 0.01368284603197465
#brasil -> 0.013826875990205963
bor -> 0.013826875990205963
glob -> 0.013826875990205963
mick -> 0.013970905948437275
voc -> 0.013970905948437275
contr -> 0.014114935906668588
cal -> 0.014114935906668588
aind -> 0.014258965864899898
part -> 0.014547025781362523
gost -> 0.014691055739593836
pass -> 0.014691055739593836
esper -> 0.014691055739593836

Intervalo 13
tao -> 0.010076130765785939
olh -> 0.010076130765785939
tt -> 0.010076130765785939
boc -> 0.010300044782803403
#copasolid -> 0.010300044782803403
pi -> 0.010300044782803403
mand -> 0.010300044782803403
rob -> 0.01052395879982087
bor -> 0.01052395879982087
precis -> 0.01052395879982087
da -> 0.01052395879982087
pipoc -> 0.010747872816838333
nad -> 0.010747872816838333
qu -> 0.010747872816838333
pq -> 0.010747872816838333
parec -> 0.010747872816838333
mick -> 0.010747872816838333
jagg -> 0.010747872816838333
cal -> 0.0109717868338558
@ivetesangalo -> 0.0109717868338558
sab -> 0.011195700850873265
continu -> 0.011195700850873265
dess -> 0.01141961486789073
vc -> 0.01141961486789073
#torcidaivet -> 0.011643528884908196
3 -> 0.011643528884908196
y -> 0.01186744290192566
sig -> 0.01186744290192566
futebol -> 0.01186744290192566
tom -> 0.012091356918943126
diss -> 0.012091356918943126
boa -> 0.012315270935960592
hex -> 0.012315270935960592
gan -> 0.012539184952978056
twitt -> 0.012539184952978056
vez -> 0.012763098969995522
hor -> 0.012763098969995522
assim -> 0.012987012987012988
vend -> 0.013210927004030452
junt -> 0.013210927004030452
pass -> 0.013434841021047918
car -> 0.013658755038065382
lev -> 0.013658755038065382
go -> 0.013658755038065382
ter -> 0.013658755038065382
eh -> 0.013882669055082848
tud -> 0.013882669055082848
lind -> 0.013882669055082848
bande -> 0.014106583072100314
camis -> 0.014106583072100314

Intervalo 14
dess -> 0.010091743119266056
bast -> 0.010091743119266056
da -> 0.01035386631716907
marc -> 0.01035386631716907
reag -> 0.010484927916120577
ah -> 0.010484927916120577
fud -> 0.010484927916120577
bor -> 0.010615989515072083
y -> 0.010615989515072083
minut -> 0.010747051114023591
car -> 0.010747051114023591
culp -> 0.010878112712975098
par -> 0.011140235910878113
pq -> 0.011271297509829619
tao -> 0.011271297509829619
plac -> 0.011533420707732634
aqu -> 0.011795543905635648
mund -> 0.011926605504587157
cop -> 0.011926605504587157
p -> 0.011926605504587157
ate -> 0.012057667103538663
bom -> 0.012319790301441678
hor -> 0.012319790301441678
pqp -> 0.012319790301441678
pipoc -> 0.012319790301441678
ness -> 0.012450851900393184
acab -> 0.012581913499344692
ne -> 0.012712975098296199
outr -> 0.012712975098296199
s -> 0.012844036697247707
vir -> 0.01310615989515072
cim -> 0.013237221494102228
juiz -> 0.013237221494102228
go -> 0.013368283093053735
tir -> 0.01363040629095675
voc -> 0.013761467889908258
assim -> 0.013892529488859764
ter -> 0.01402359108781127
comec -> 0.014285714285714285
vc -> 0.014416775884665793
deu -> 0.014678899082568808
el -> 0.014809960681520315
fif -> 0.015203145478374836
deix -> 0.015334207077326344
@fifacom -> 0.015596330275229359
laranj -> 0.015596330275229359
a9kvrq -> 0.01585845347313237
bem -> 0.01598951507208388
segund -> 0.016120576671035388
tud -> 0.016251638269986893

Intervalo 15
precis -> 0.010140759800211896
#brasil -> 0.010140759800211896
fiz -> 0.010140759800211896
migr -> 0.010292114424095656
gost -> 0.010292114424095656
dess -> 0.010292114424095656
cim -> 0.010292114424095656
tud -> 0.010443469047979416
laranj -> 0.010443469047979416
atrapalh -> 0.010594823671863176
da -> 0.010746178295746934
clar -> 0.010897532919630694
car -> 0.011048887543514454
lo -> 0.011200242167398214
bom -> 0.011200242167398214
menos -> 0.011200242167398214
assim -> 0.011351596791281974
acredit -> 0.011351596791281974
lev -> 0.011351596791281974
tav -> 0.011502951415165732
ces -> 0.011502951415165732
bor -> 0.011502951415165732
2x1 -> 0.011502951415165732
ne -> 0.011654306039049492
culp -> 0.011654306039049492
hoj -> 0.011957015286817013
y -> 0.011957015286817013
pq -> 0.011957015286817013
comec -> 0.01225972453458453
minut -> 0.01225972453458453
bit -> 0.01256243378235205
s -> 0.013016497654003329
feri -> 0.013016497654003329
aqu -> 0.013167852277887089
galv -> 0.013319206901770849
tao -> 0.013319206901770849
juli -> 0.013470561525654609
ly -> 0.013621916149538369
ter -> 0.013773270773422127
p -> 0.013924625397305887
voc -> 0.014075980021189647
go -> 0.014227334645073407
dar -> 0.014227334645073407
assist -> 0.014378689268957167
nad -> 0.014378689268957167
cad -> 0.014378689268957167
bem -> 0.014681398516724686
part -> 0.014832753140608446
pass -> 0.014832753140608446
selec -> 0.014832753140608446

Intervalo 16
med -> 0.010101010101010102
@zecsinho -> 0.010261343594676928
final -> 0.010261343594676928
lo -> 0.010261343594676928
bobe -> 0.010421677088343755
cas -> 0.010421677088343755
da -> 0.010421677088343755
vao -> 0.010582010582010581
juiz -> 0.01074234407567741
sei -> 0.01074234407567741
camp -> 0.010902677569344236
nad -> 0.010902677569344236
merd -> 0.010902677569344236
poi -> 0.011063011063011063
bor -> 0.011063011063011063
gan -> 0.01122334455667789
cim -> 0.01122334455667789
precis -> 0.011383678050344717
1x1 -> 0.011544011544011544
acab -> 0.011544011544011544
dess -> 0.01170434503767837
pass -> 0.011864678531345199
dar -> 0.011864678531345199
@dulcemaria -> 0.011864678531345199
vir -> 0.011864678531345199
rob -> 0.012025012025012025
empat -> 0.012025012025012025
tao -> 0.012185345518678852
assist -> 0.012185345518678852
comec -> 0.012666345999679333
go -> 0.012666345999679333
ne -> 0.012666345999679333
car -> 0.012666345999679333
gost -> 0.01282667949334616
tud -> 0.012987012987012988
fif -> 0.012987012987012988
pq -> 0.013147346480679814
s -> 0.013307679974346641
coraca -> 0.013307679974346641
parec -> 0.013468013468013467
olh -> 0.013468013468013467
vitor -> 0.013628346961680296
bom -> 0.013628346961680296
assim -> 0.013628346961680296
voc -> 0.013788680455347122
mund -> 0.013788680455347122
hoj -> 0.013788680455347122
y -> 0.013949013949013949
sofr -> 0.014109347442680775
deix -> 0.014109347442680775

Intervalo 17
bor -> 0.010117526826775677
reag -> 0.010219724067450179
contr -> 0.01032192130812468
sneijd -> 0.01032192130812468
p -> 0.010424118548799183
fod -> 0.010526315789473684
pass -> 0.010730710270822688
caralh -> 0.01083290751149719
diz -> 0.01083290751149719
nad -> 0.01093510475217169
hoj -> 0.01093510475217169
outr -> 0.01093510475217169
tav -> 0.011139499233520695
s -> 0.011139499233520695
car -> 0.011241696474195196
go -> 0.011343893714869699
menos -> 0.0114460909555442
deix -> 0.011548288196218701
tud -> 0.011548288196218701
cu -> 0.011548288196218701
fud -> 0.011752682677567705
vc -> 0.011854879918242207
ate -> 0.011854879918242207
aqu -> 0.011854879918242207
pas -> 0.01195707715891671
par -> 0.01195707715891671
sair -> 0.01195707715891671
bom -> 0.01205927439959121
va -> 0.01205927439959121
dess -> 0.012468063362289217
@eduardosurita -> 0.012876852324987226
culp -> 0.012876852324987226
voc -> 0.012876852324987226
cois -> 0.013081246806336228
minut -> 0.013285641287685232
prim -> 0.013490035769034237
http -> 0.013592233009708738
y -> 0.013694430250383239
el -> 0.013796627491057742
ness -> 0.013796627491057742
put -> 0.013796627491057742
comec -> 0.013898824731732243
hor -> 0.013898824731732243
elimin -> 0.013898824731732243
pued -> 0.014001021972406744
ne -> 0.014205416453755748
2x1 -> 0.014512008175779254
assim -> 0.014614205416453755
empat -> 0.015022994379151763
kak -> 0.015022994379151763

Intervalo 18
ia -> 0.010021097046413503
fez -> 0.010021097046413503
n -> 0.010109001406469762
filh -> 0.010109001406469762
p -> 0.010109001406469762
part -> 0.010109001406469762
hor -> 0.010109001406469762
es -> 0.010109001406469762
vez -> 0.010196905766526019
pass -> 0.010284810126582278
mell -> 0.010372714486638537
sair -> 0.010460618846694796
s -> 0.010548523206751054
fod -> 0.010636427566807313
sent -> 0.010724331926863572
lev -> 0.010988045007032349
precis -> 0.011251758087201125
comec -> 0.011427566807313643
mat -> 0.011603375527426161
parab -> 0.01169127988748242
x -> 0.01169127988748242
dev -> 0.011779184247538679
va -> 0.011954992967651195
juiz -> 0.012130801687763712
empat -> 0.012130801687763712
ness -> 0.012218706047819971
cad -> 0.01230661040787623
tav -> 0.01230661040787623
aqu -> 0.012482419127988748
final -> 0.012482419127988748
nad -> 0.012570323488045007
assim -> 0.012746132208157524
tens -> 0.012834036568213783
falt -> 0.013185654008438819
kak -> 0.013273558368495078
min -> 0.013361462728551337
diz -> 0.013361462728551337
argentin -> 0.013449367088607595
melhor -> 0.013537271448663854
fud -> 0.013537271448663854
pq -> 0.013625175808720113
da -> 0.013625175808720113
vc -> 0.01380098452883263
bom -> 0.013888888888888888
dess -> 0.013976793248945147
ate -> 0.013976793248945147
@eduardosurita -> 0.014328410689170182
hex -> 0.014855836849507736
ne -> 0.014943741209563995
put -> 0.015031645569620253

Intervalo 19
filh -> 0.01005305780508238
juiz -> 0.01005305780508238
n -> 0.010239225542213534
ia -> 0.010239225542213534
p -> 0.010611561016475845
elimin -> 0.010611561016475845
acontec -> 0.010611561016475845
tecn -> 0.010704644885041423
assist -> 0.010704644885041423
diz -> 0.010797728753607
s -> 0.010890812622172577
@claroronaldo -> 0.011076980359303733
pens -> 0.011076980359303733
kak -> 0.01117006422786931
part -> 0.011263148096434888
x -> 0.011356231965000465
assim -> 0.011449315833566042
deix -> 0.011449315833566042
porqu -> 0.011914735176393932
#arg -> 0.011914735176393932
http -> 0.011914735176393932
hex -> 0.012007819044959508
14 -> 0.012007819044959508
falt -> 0.012193986782090663
ness -> 0.012193986782090663
cad -> 0.012287070650656241
mell -> 0.012287070650656241
lev -> 0.01238015451922182
ne -> 0.01238015451922182
argentin -> 0.01238015451922182
dess -> 0.012752489993484129
el -> 0.012752489993484129
futebol -> 0.012938657730615285
bom -> 0.012938657730615285
outr -> 0.012938657730615285
comec -> 0.013031741599180862
vc -> 0.013590244810574328
voc -> 0.013683328679139906
put -> 0.013962580284836637
min -> 0.014241831890533371
final -> 0.01461416736479568
cois -> 0.014893418970492414
pq -> 0.015079586707623568
cas -> 0.015172670576189146
lo -> 0.015172670576189146
ate -> 0.015265754444754724
nad -> 0.015265754444754724
melhor -> 0.015358838313320302
hor -> 0.015545006050451457
y -> 0.015638089919017033

Intervalo 20
desesper -> 0.010073260073260074
futebol -> 0.010256410256410256
bol -> 0.010256410256410256
ano -> 0.010531135531135532
parec -> 0.010531135531135532
sair -> 0.010531135531135532
vao -> 0.010531135531135532
chor -> 0.010622710622710623
dar -> 0.010622710622710623
tecn -> 0.010714285714285714
tao -> 0.010714285714285714
diz -> 0.010897435897435897
trabalh -> 0.011080586080586081
dia -> 0.011080586080586081
va -> 0.011355311355311355
coraca -> 0.011355311355311355
fez -> 0.011446886446886446
put -> 0.01163003663003663
2014 -> 0.011813186813186813
pi -> 0.011996336996336997
hor -> 0.011996336996336997
n -> 0.01227106227106227
@caiquenogueira -> 0.01227106227106227
comec -> 0.012362637362637362
lev -> 0.012728937728937729
galv -> 0.012728937728937729
hex -> 0.01282051282051282
vez -> 0.012912087912087911
nad -> 0.013003663003663004
http -> 0.013278388278388278
@kibeloco -> 0.013278388278388278
ness -> 0.013278388278388278
voc -> 0.013278388278388278
falt -> 0.013278388278388278
segund -> 0.013461538461538462
elimin -> 0.013553113553113554
p -> 0.013644688644688645
el -> 0.013736263736263736
ne -> 0.013827838827838827
cad -> 0.014010989010989012
tom -> 0.014010989010989012
melhor -> 0.014102564102564103
fer -> 0.014102564102564103
da -> 0.01456043956043956
deix -> 0.014652014652014652
argentin -> 0.014743589743589743
#arg -> 0.014743589743589743
assim -> 0.014835164835164835
cois -> 0.014835164835164835
contr -> 0.014926739926739927

Intervalo 21
kak -> 0.010080828262646445
sair -> 0.010080828262646445
deix -> 0.010171646535282899
ronald -> 0.010353283080555808
esper -> 0.010444101353192263
hoj -> 0.010444101353192263
vao -> 0.010716556171101626
nunc -> 0.01080737444373808
n -> 0.01080737444373808
dar -> 0.010898192716374535
tao -> 0.010898192716374535
hor -> 0.01098901098901099
http -> 0.011170647534283897
trist -> 0.011261465806920352
lev -> 0.011352284079556806
elimin -> 0.011352284079556806
part -> 0.011352284079556806
vir -> 0.011533920624829715
assim -> 0.011897193715375533
glob -> 0.011897193715375533
bol -> 0.011897193715375533
tir -> 0.011988011988011988
gans -> 0.011988011988011988
ne -> 0.011988011988011988
futebol -> 0.012078830260648443
coloc -> 0.012351285078557806
@naosalvo -> 0.01244210335119426
comec -> 0.01244210335119426
vez -> 0.01244210335119426
clap -> 0.012532921623830715
beliss -> 0.012532921623830715
agoooooo -> 0.012532921623830715
tom -> 0.012532921623830715
el -> 0.01262373989646717
vc -> 0.012714558169103624
varze -> 0.012896194714376533
ult -> 0.012896194714376533
diz -> 0.012987012987012988
p -> 0.012987012987012988
palm -> 0.013168649532285895
segund -> 0.013168649532285895
ness -> 0.01325946780492235
put -> 0.013350286077558804
nad -> 0.013713559168104622
pass -> 0.013804377440741077
final -> 0.01407683225865044
galv -> 0.01407683225865044
chor -> 0.014349287076559804
dev -> 0.014530923621832713
pq -> 0.014712560167105622

Intervalo 22
hor -> 0.010094431781178768
pen -> 0.010094431781178768
vem -> 0.010094431781178768
pass -> 0.010094431781178768
comec -> 0.010202974058395745
ahor -> 0.010202974058395745
qued -> 0.010202974058395745
4 -> 0.010202974058395745
con -> 0.010202974058395745
prox -> 0.010420058612829698
cheg -> 0.010420058612829698
#g -> 0.010420058612829698
nunc -> 0.010528600890046673
vao -> 0.010528600890046673
vid -> 0.010637143167263649
par -> 0.010637143167263649
#cop -> 0.010745685444480626
mal -> 0.010745685444480626
bye -> 0.010745685444480626
n -> 0.010854227721697602
falt -> 0.010854227721697602
cois -> 0.010962769998914577
porqu -> 0.010962769998914577
camis -> 0.011071312276131553
dia -> 0.011071312276131553
glob -> 0.011071312276131553
merec -> 0.011396939107782481
segund -> 0.011396939107782481
fuer -> 0.011505481384999457
pued -> 0.011505481384999457
prim -> 0.011614023662216434
p -> 0.011722565939433409
ia -> 0.011831108216650385
diz -> 0.012048192771084338
tecn -> 0.012156735048301313
pq -> 0.012156735048301313
obrig -> 0.01226527732551829
ces -> 0.012482361879952242
ne -> 0.012699446434386193
nad -> 0.01280798871160317
dev -> 0.013025073266037121
kak -> 0.013133615543254097
lev -> 0.013350700097688049
fim -> 0.013350700097688049
fez -> 0.013459242374905025
jagg -> 0.014001953760989906
fud -> 0.014110496038206882
car -> 0.014219038315423857
fdp -> 0.014327580592640833
mick -> 0.014544665147074786

Intervalo 23
ronald -> 0.010076441973592773
daqu -> 0.010076441973592773
sonh -> 0.010250173731758166
cheg -> 0.010423905489923557
acontec -> 0.010423905489923557
err -> 0.010423905489923557
xing -> 0.010423905489923557
obrig -> 0.010423905489923557
vem -> 0.01059763724808895
hor -> 0.01059763724808895
#cop -> 0.01059763724808895
campea -> 0.010771369006254344
ness -> 0.010771369006254344
pov -> 0.010771369006254344
fod -> 0.010771369006254344
porqu -> 0.010771369006254344
pe -> 0.010945100764419735
sim -> 0.010945100764419735
grand -> 0.010945100764419735
#dung -> 0.011118832522585128
le -> 0.011118832522585128
fud -> 0.011292564280750522
pi -> 0.011466296038915913
derrot -> 0.011466296038915913
comec -> 0.011640027797081306
lad -> 0.011640027797081306
fdp -> 0.0118137595552467
p -> 0.0118137595552467
gans -> 0.011987491313412093
ahor -> 0.011987491313412093
fim -> 0.012161223071577484
ant -> 0.012161223071577484
mell -> 0.012161223071577484
diss -> 0.012161223071577484
hoj -> 0.012161223071577484
tir -> 0.012161223071577484
assim -> 0.01250868658790827
mal -> 0.01250868658790827
coloc -> 0.012682418346073662
camis -> 0.012682418346073662
4 -> 0.012682418346073662
eh -> 0.012856150104239055
continu -> 0.012856150104239055
pass -> 0.013029881862404448
vid -> 0.013029881862404448
outr -> 0.013029881862404448
glob -> 0.013029881862404448
convoc -> 0.013377345378735233
deix -> 0.013377345378735233
vao -> 0.013551077136900626

Intervalo 24
da -> 0.045454545454545456
diz -> 0.045454545454545456
@hugogloss -> 0.045454545454545456
mim -> 0.045454545454545456
ta -> 0.045454545454545456
gast -> 0.045454545454545456
toa -> 0.045454545454545456
tens -> 0.045454545454545456
fog -> 0.045454545454545456
moment -> 0.045454545454545456
situaca -> 0.045454545454545456
@fileups -> 0.045454545454545456
comec -> 0.045454545454545456
ness -> 0.045454545454545456
renat -> 0.045454545454545456
problem -> 0.045454545454545456
mai -> 0.045454545454545456
tex -> 0.045454545454545456
cham -> 0.045454545454545456
selec -> 0.045454545454545456
tchau -> 0.045454545454545456
puert -> 0.045454545454545456
tod -> 0.045454545454545456
iba -> 0.045454545454545456
argentin -> 0.045454545454545456
abr -> 0.045454545454545456
su -> 0.045454545454545456
recib -> 0.045454545454545456
pasteler -> 0.045454545454545456
futbol -> 0.045454545454545456
la -> 0.045454545454545456
seleccion -> 0.045454545454545456
fana -> 0.045454545454545456
bonit -> 0.045454545454545456
acontec -> 0.045454545454545456
cas -> 0.045454545454545456
yooooohooo -> 0.045454545454545456
agr -> 0.045454545454545456
chinel -> 0.045454545454545456
pooo -> 0.045454545454545456
gaaanh -> 0.045454545454545456
hah -> 0.045454545454545456
#arg -> 0.045454545454545456
@serg_rdr -> 0.045454545454545456
#pelelatenesadentr -> 0.045454545454545456
luci -> 0.045454545454545456
car -> 0.045454545454545456
bem -> 0.045454545454545456
particip -> 0.045454545454545456
sacan -> 0.045454545454545456

